#-----------------------------------------------------------
# Vivado v2019.1 (64-bit)
# SW Build 2552052 on Fri May 24 14:47:09 MDT 2019
# IP Build 2548770 on Fri May 24 18:01:18 MDT 2019
# Start of session at: Sun Apr  5 21:58:10 2020
# Process ID: 10627
# Current directory: /home/cc/eecs151/sp20/class/eecs151-abm/riscv/hardware
# Command line: vivado -mode batch -source scripts/build_project.tcl
# Log file: /home/cc/eecs151/sp20/class/eecs151-abm/riscv/hardware/vivado.log
# Journal file: /home/cc/eecs151/sp20/class/eecs151-abm/riscv/hardware/vivado.jou
#-----------------------------------------------------------
source scripts/build_project.tcl
# set project_name "z1top"
# set sources_file scripts/${project_name}.tcl
# if {![file exists $sources_file]} {
#     puts "Invalid project name!"
#     exit
# }
# create_project -force ${project_name}_proj ${project_name}_proj -part xc7z020clg400-1
# set_property board_part www.digilentinc.com:pynq-z1:part0:1.0 [current_project]
# source $sources_file
## add_files -norecurse [glob src/riscv_core/*.v]
## add_files -norecurse [glob src/riscv_core/*.vh]
## add_files -norecurse [glob src/io_circuits/*.v]
## add_files -norecurse src/EECS151.v
## add_files -norecurse src/clk_wiz.v
## add_files -norecurse src/z1top.v
## add_files -norecurse ../software/bios151v3/bios151v3.mif
## set_property top z1top [get_filesets sources_1]
# add_files -fileset constrs_1 -norecurse constrs/pynq-z1.xdc
# update_compile_order -fileset sources_1
# check_syntax
INFO: [HDL 9-1065] Parsing verilog file "/home/cc/eecs151/sp20/class/eecs151-abm/riscv/hardware/src/riscv_core/../defines.vh" included at line 4. [/home/cc/eecs151/sp20/class/eecs151-abm/riscv/hardware/src/riscv_core/mux.v:4]
INFO: [HDL 9-3290] back to file '/home/cc/eecs151/sp20/class/eecs151-abm/riscv/hardware/src/riscv_core/mux.v' [/home/cc/eecs151/sp20/class/eecs151-abm/riscv/hardware/src/riscv_core/mux.v:4]
INFO: [HDL 9-1065] Parsing verilog file "/home/cc/eecs151/sp20/class/eecs151-abm/riscv/hardware/src/riscv_core/defines.vh" included at line 1. [/home/cc/eecs151/sp20/class/eecs151-abm/riscv/hardware/src/riscv_core/Riscv151.v:1]
INFO: [HDL 9-3290] back to file '/home/cc/eecs151/sp20/class/eecs151-abm/riscv/hardware/src/riscv_core/Riscv151.v' [/home/cc/eecs151/sp20/class/eecs151-abm/riscv/hardware/src/riscv_core/Riscv151.v:1]
INFO: [HDL 9-1065] Parsing verilog file "/home/cc/eecs151/sp20/class/eecs151-abm/riscv/hardware/src/riscv_core/Opcode.vh" included at line 2. [/home/cc/eecs151/sp20/class/eecs151-abm/riscv/hardware/src/riscv_core/Riscv151.v:2]
INFO: [HDL 9-3290] back to file '/home/cc/eecs151/sp20/class/eecs151-abm/riscv/hardware/src/riscv_core/Riscv151.v' [/home/cc/eecs151/sp20/class/eecs151-abm/riscv/hardware/src/riscv_core/Riscv151.v:2]
INFO: [HDL 9-1065] Parsing verilog file "/home/cc/eecs151/sp20/class/eecs151-abm/riscv/hardware/src/riscv_core/ID/id.v" included at line 3. [/home/cc/eecs151/sp20/class/eecs151-abm/riscv/hardware/src/riscv_core/Riscv151.v:3]
INFO: [HDL 9-3290] back to file '/home/cc/eecs151/sp20/class/eecs151-abm/riscv/hardware/src/riscv_core/Riscv151.v' [/home/cc/eecs151/sp20/class/eecs151-abm/riscv/hardware/src/riscv_core/Riscv151.v:3]
INFO: [HDL 9-1065] Parsing verilog file "/home/cc/eecs151/sp20/class/eecs151-abm/riscv/hardware/src/riscv_core/ID/id_ex.v" included at line 4. [/home/cc/eecs151/sp20/class/eecs151-abm/riscv/hardware/src/riscv_core/Riscv151.v:4]
INFO: [HDL 9-3290] back to file '/home/cc/eecs151/sp20/class/eecs151-abm/riscv/hardware/src/riscv_core/Riscv151.v' [/home/cc/eecs151/sp20/class/eecs151-abm/riscv/hardware/src/riscv_core/Riscv151.v:4]
INFO: [HDL 9-1065] Parsing verilog file "/home/cc/eecs151/sp20/class/eecs151-abm/riscv/hardware/src/riscv_core/EX/ex.v" included at line 5. [/home/cc/eecs151/sp20/class/eecs151-abm/riscv/hardware/src/riscv_core/Riscv151.v:5]
INFO: [HDL 9-3290] back to file '/home/cc/eecs151/sp20/class/eecs151-abm/riscv/hardware/src/riscv_core/Riscv151.v' [/home/cc/eecs151/sp20/class/eecs151-abm/riscv/hardware/src/riscv_core/Riscv151.v:5]
INFO: [HDL 9-1065] Parsing verilog file "/home/cc/eecs151/sp20/class/eecs151-abm/riscv/hardware/src/riscv_core/EX/ex_wb.v" included at line 6. [/home/cc/eecs151/sp20/class/eecs151-abm/riscv/hardware/src/riscv_core/Riscv151.v:6]
INFO: [HDL 9-3290] back to file '/home/cc/eecs151/sp20/class/eecs151-abm/riscv/hardware/src/riscv_core/Riscv151.v' [/home/cc/eecs151/sp20/class/eecs151-abm/riscv/hardware/src/riscv_core/Riscv151.v:6]
INFO: [HDL 9-1065] Parsing verilog file "/home/cc/eecs151/sp20/class/eecs151-abm/riscv/hardware/src/riscv_core/WB/wb.v" included at line 7. [/home/cc/eecs151/sp20/class/eecs151-abm/riscv/hardware/src/riscv_core/Riscv151.v:7]
INFO: [HDL 9-3290] back to file '/home/cc/eecs151/sp20/class/eecs151-abm/riscv/hardware/src/riscv_core/Riscv151.v' [/home/cc/eecs151/sp20/class/eecs151-abm/riscv/hardware/src/riscv_core/Riscv151.v:7]
INFO: [HDL 9-1065] Parsing verilog file "/home/cc/eecs151/sp20/class/eecs151-abm/riscv/hardware/src/riscv_core/defines.vh" included at line 1. [/home/cc/eecs151/sp20/class/eecs151-abm/riscv/hardware/src/riscv_core/Riscv151.v:1]
INFO: [HDL 9-3290] back to file '/home/cc/eecs151/sp20/class/eecs151-abm/riscv/hardware/src/riscv_core/Riscv151.v' [/home/cc/eecs151/sp20/class/eecs151-abm/riscv/hardware/src/riscv_core/Riscv151.v:1]
INFO: [HDL 9-1065] Parsing verilog file "/home/cc/eecs151/sp20/class/eecs151-abm/riscv/hardware/src/riscv_core/Opcode.vh" included at line 2. [/home/cc/eecs151/sp20/class/eecs151-abm/riscv/hardware/src/riscv_core/Riscv151.v:2]
INFO: [HDL 9-3290] back to file '/home/cc/eecs151/sp20/class/eecs151-abm/riscv/hardware/src/riscv_core/Riscv151.v' [/home/cc/eecs151/sp20/class/eecs151-abm/riscv/hardware/src/riscv_core/Riscv151.v:2]
INFO: [HDL 9-1065] Parsing verilog file "/home/cc/eecs151/sp20/class/eecs151-abm/riscv/hardware/src/riscv_core/ID/id.v" included at line 3. [/home/cc/eecs151/sp20/class/eecs151-abm/riscv/hardware/src/riscv_core/Riscv151.v:3]
INFO: [HDL 9-3290] back to file '/home/cc/eecs151/sp20/class/eecs151-abm/riscv/hardware/src/riscv_core/Riscv151.v' [/home/cc/eecs151/sp20/class/eecs151-abm/riscv/hardware/src/riscv_core/Riscv151.v:3]
INFO: [HDL 9-1065] Parsing verilog file "/home/cc/eecs151/sp20/class/eecs151-abm/riscv/hardware/src/riscv_core/ID/id_ex.v" included at line 4. [/home/cc/eecs151/sp20/class/eecs151-abm/riscv/hardware/src/riscv_core/Riscv151.v:4]
INFO: [HDL 9-3290] back to file '/home/cc/eecs151/sp20/class/eecs151-abm/riscv/hardware/src/riscv_core/Riscv151.v' [/home/cc/eecs151/sp20/class/eecs151-abm/riscv/hardware/src/riscv_core/Riscv151.v:4]
INFO: [HDL 9-1065] Parsing verilog file "/home/cc/eecs151/sp20/class/eecs151-abm/riscv/hardware/src/riscv_core/EX/ex.v" included at line 5. [/home/cc/eecs151/sp20/class/eecs151-abm/riscv/hardware/src/riscv_core/Riscv151.v:5]
INFO: [HDL 9-3290] back to file '/home/cc/eecs151/sp20/class/eecs151-abm/riscv/hardware/src/riscv_core/Riscv151.v' [/home/cc/eecs151/sp20/class/eecs151-abm/riscv/hardware/src/riscv_core/Riscv151.v:5]
INFO: [HDL 9-1065] Parsing verilog file "/home/cc/eecs151/sp20/class/eecs151-abm/riscv/hardware/src/riscv_core/EX/ex_wb.v" included at line 6. [/home/cc/eecs151/sp20/class/eecs151-abm/riscv/hardware/src/riscv_core/Riscv151.v:6]
INFO: [HDL 9-3290] back to file '/home/cc/eecs151/sp20/class/eecs151-abm/riscv/hardware/src/riscv_core/Riscv151.v' [/home/cc/eecs151/sp20/class/eecs151-abm/riscv/hardware/src/riscv_core/Riscv151.v:6]
INFO: [HDL 9-1065] Parsing verilog file "/home/cc/eecs151/sp20/class/eecs151-abm/riscv/hardware/src/riscv_core/WB/wb.v" included at line 7. [/home/cc/eecs151/sp20/class/eecs151-abm/riscv/hardware/src/riscv_core/Riscv151.v:7]
INFO: [HDL 9-3290] back to file '/home/cc/eecs151/sp20/class/eecs151-abm/riscv/hardware/src/riscv_core/Riscv151.v' [/home/cc/eecs151/sp20/class/eecs151-abm/riscv/hardware/src/riscv_core/Riscv151.v:7]
WARNING: [HDL 9-3756] overwriting previous definition of module 'Riscv151' [/home/cc/eecs151/sp20/class/eecs151-abm/riscv/hardware/src/riscv_core/Riscv151.v:9]
INFO: [HDL 9-1065] Parsing verilog file "/home/cc/eecs151/sp20/class/eecs151-abm/riscv/hardware/src/riscv_core/../defines.vh" included at line 1. [/home/cc/eecs151/sp20/class/eecs151-abm/riscv/hardware/src/riscv_core/alu.v:1]
INFO: [HDL 9-3290] back to file '/home/cc/eecs151/sp20/class/eecs151-abm/riscv/hardware/src/riscv_core/alu.v' [/home/cc/eecs151/sp20/class/eecs151-abm/riscv/hardware/src/riscv_core/alu.v:1]
INFO: [HDL 9-1065] Parsing verilog file "/home/cc/eecs151/sp20/class/eecs151-abm/riscv/hardware/src/riscv_core/../defines.vh" included at line 1. [/home/cc/eecs151/sp20/class/eecs151-abm/riscv/hardware/src/riscv_core/alu_control.v:1]
INFO: [HDL 9-3290] back to file '/home/cc/eecs151/sp20/class/eecs151-abm/riscv/hardware/src/riscv_core/alu_control.v' [/home/cc/eecs151/sp20/class/eecs151-abm/riscv/hardware/src/riscv_core/alu_control.v:1]
INFO: [HDL 9-1065] Parsing verilog file "/home/cc/eecs151/sp20/class/eecs151-abm/riscv/hardware/src/riscv_core/../Opcode.vh" included at line 2. [/home/cc/eecs151/sp20/class/eecs151-abm/riscv/hardware/src/riscv_core/alu_control.v:2]
INFO: [HDL 9-3290] back to file '/home/cc/eecs151/sp20/class/eecs151-abm/riscv/hardware/src/riscv_core/alu_control.v' [/home/cc/eecs151/sp20/class/eecs151-abm/riscv/hardware/src/riscv_core/alu_control.v:2]
INFO: [HDL 9-1065] Parsing verilog file "/home/cc/eecs151/sp20/class/eecs151-abm/riscv/hardware/src/riscv_core/../defines.vh" included at line 1. [/home/cc/eecs151/sp20/class/eecs151-abm/riscv/hardware/src/riscv_core/branch_comp.v:1]
INFO: [HDL 9-3290] back to file '/home/cc/eecs151/sp20/class/eecs151-abm/riscv/hardware/src/riscv_core/branch_comp.v' [/home/cc/eecs151/sp20/class/eecs151-abm/riscv/hardware/src/riscv_core/branch_comp.v:1]
WARNING: [HDL 9-3756] overwriting previous definition of module 'button_parser' [/home/cc/eecs151/sp20/class/eecs151-abm/riscv/hardware/src/io_circuits/button_parser.v:2]
INFO: [HDL 9-1065] Parsing verilog file "/home/cc/eecs151/sp20/class/eecs151-abm/riscv/hardware/src/riscv_core/../defines.vh" included at line 1. [/home/cc/eecs151/sp20/class/eecs151-abm/riscv/hardware/src/riscv_core/control_unit.v:1]
INFO: [HDL 9-3290] back to file '/home/cc/eecs151/sp20/class/eecs151-abm/riscv/hardware/src/riscv_core/control_unit.v' [/home/cc/eecs151/sp20/class/eecs151-abm/riscv/hardware/src/riscv_core/control_unit.v:1]
INFO: [HDL 9-1065] Parsing verilog file "/home/cc/eecs151/sp20/class/eecs151-abm/riscv/hardware/src/riscv_core/../Opcode.vh" included at line 2. [/home/cc/eecs151/sp20/class/eecs151-abm/riscv/hardware/src/riscv_core/control_unit.v:2]
INFO: [HDL 9-3290] back to file '/home/cc/eecs151/sp20/class/eecs151-abm/riscv/hardware/src/riscv_core/control_unit.v' [/home/cc/eecs151/sp20/class/eecs151-abm/riscv/hardware/src/riscv_core/control_unit.v:2]
INFO: [HDL 9-1065] Parsing verilog file "/home/cc/eecs151/sp20/class/eecs151-abm/riscv/hardware/src/riscv_core/../EECS151.v" included at line 1. [/home/cc/eecs151/sp20/class/eecs151-abm/riscv/hardware/src/io_circuits/debouncer.v:1]
INFO: [HDL 9-3290] back to file '/home/cc/eecs151/sp20/class/eecs151-abm/riscv/hardware/src/io_circuits/debouncer.v' [/home/cc/eecs151/sp20/class/eecs151-abm/riscv/hardware/src/io_circuits/debouncer.v:1]
INFO: [HDL 9-1065] Parsing verilog file "/home/cc/eecs151/sp20/class/eecs151-abm/riscv/hardware/src/riscv_core/../EECS151.v" included at line 1. [/home/cc/eecs151/sp20/class/eecs151-abm/riscv/hardware/src/io_circuits/edge_detector.v:1]
INFO: [HDL 9-3290] back to file '/home/cc/eecs151/sp20/class/eecs151-abm/riscv/hardware/src/io_circuits/edge_detector.v' [/home/cc/eecs151/sp20/class/eecs151-abm/riscv/hardware/src/io_circuits/edge_detector.v:1]
INFO: [HDL 9-1065] Parsing verilog file "/home/cc/eecs151/sp20/class/eecs151-abm/riscv/hardware/src/riscv_core/../defines.vh" included at line 1. [/home/cc/eecs151/sp20/class/eecs151-abm/riscv/hardware/src/riscv_core/forwarding_unit.v:1]
INFO: [HDL 9-3290] back to file '/home/cc/eecs151/sp20/class/eecs151-abm/riscv/hardware/src/riscv_core/forwarding_unit.v' [/home/cc/eecs151/sp20/class/eecs151-abm/riscv/hardware/src/riscv_core/forwarding_unit.v:1]
INFO: [HDL 9-2728] undeclared symbol mem_waddr_judge, assumed default net type wire [/home/cc/eecs151/sp20/class/eecs151-abm/riscv/hardware/src/riscv_core/forwarding_unit.v:22]
INFO: [HDL 9-1065] Parsing verilog file "/home/cc/eecs151/sp20/class/eecs151-abm/riscv/hardware/src/riscv_core/../Opcode.vh" included at line 1. [/home/cc/eecs151/sp20/class/eecs151-abm/riscv/hardware/src/riscv_core/imm_gen.v:1]
INFO: [HDL 9-3290] back to file '/home/cc/eecs151/sp20/class/eecs151-abm/riscv/hardware/src/riscv_core/imm_gen.v' [/home/cc/eecs151/sp20/class/eecs151-abm/riscv/hardware/src/riscv_core/imm_gen.v:1]
INFO: [HDL 9-1065] Parsing verilog file "/home/cc/eecs151/sp20/class/eecs151-abm/riscv/hardware/src/riscv_core/../defines.vh" included at line 2. [/home/cc/eecs151/sp20/class/eecs151-abm/riscv/hardware/src/riscv_core/imm_gen.v:2]
INFO: [HDL 9-3290] back to file '/home/cc/eecs151/sp20/class/eecs151-abm/riscv/hardware/src/riscv_core/imm_gen.v' [/home/cc/eecs151/sp20/class/eecs151-abm/riscv/hardware/src/riscv_core/imm_gen.v:2]
INFO: [HDL 9-1065] Parsing verilog file "/home/cc/eecs151/sp20/class/eecs151-abm/riscv/hardware/src/riscv_core/../EECS151.v" included at line 1. [/home/cc/eecs151/sp20/class/eecs151-abm/riscv/hardware/src/io_circuits/synchronizer.v:1]
INFO: [HDL 9-3290] back to file '/home/cc/eecs151/sp20/class/eecs151-abm/riscv/hardware/src/io_circuits/synchronizer.v' [/home/cc/eecs151/sp20/class/eecs151-abm/riscv/hardware/src/io_circuits/synchronizer.v:1]
INFO: [HDL 9-1065] Parsing verilog file "/home/cc/eecs151/sp20/class/eecs151-abm/riscv/hardware/src/riscv_core/Riscv151.v" included at line 2. [/home/cc/eecs151/sp20/class/eecs151-abm/riscv/hardware/src/z1top.v:2]
INFO: [HDL 9-3290] back to file '/home/cc/eecs151/sp20/class/eecs151-abm/riscv/hardware/src/z1top.v' [/home/cc/eecs151/sp20/class/eecs151-abm/riscv/hardware/src/z1top.v:2]
INFO: [HDL 9-1065] Parsing verilog file "/home/cc/eecs151/sp20/class/eecs151-abm/riscv/hardware/src/io_circuits/button_parser.v" included at line 3. [/home/cc/eecs151/sp20/class/eecs151-abm/riscv/hardware/src/z1top.v:3]
INFO: [HDL 9-3290] back to file '/home/cc/eecs151/sp20/class/eecs151-abm/riscv/hardware/src/z1top.v' [/home/cc/eecs151/sp20/class/eecs151-abm/riscv/hardware/src/z1top.v:3]
INFO: [HDL 9-1065] Parsing verilog file "/home/cc/eecs151/sp20/class/eecs151-abm/riscv/hardware/src/riscv_core/../defines.vh" included at line 1. [/home/cc/eecs151/sp20/class/eecs151-abm/riscv/hardware/src/riscv_core/wb.v:1]
INFO: [HDL 9-3290] back to file '/home/cc/eecs151/sp20/class/eecs151-abm/riscv/hardware/src/riscv_core/wb.v' [/home/cc/eecs151/sp20/class/eecs151-abm/riscv/hardware/src/riscv_core/wb.v:1]
INFO: [HDL 9-1065] Parsing verilog file "/home/cc/eecs151/sp20/class/eecs151-abm/riscv/hardware/src/riscv_core/mux.v" included at line 2. [/home/cc/eecs151/sp20/class/eecs151-abm/riscv/hardware/src/riscv_core/wb.v:2]
INFO: [HDL 9-3290] back to file '/home/cc/eecs151/sp20/class/eecs151-abm/riscv/hardware/src/riscv_core/wb.v' [/home/cc/eecs151/sp20/class/eecs151-abm/riscv/hardware/src/riscv_core/wb.v:2]
WARNING: [HDL 9-3756] overwriting previous definition of module 'wb' [/home/cc/eecs151/sp20/class/eecs151-abm/riscv/hardware/src/riscv_core/wb.v:4]
INFO: [HDL 9-1065] Parsing verilog file "/home/cc/eecs151/sp20/class/eecs151-abm/riscv/hardware/src/riscv_core/../Opcode.vh" included at line 1. [/home/cc/eecs151/sp20/class/eecs151-abm/riscv/hardware/src/riscv_core/id.v:1]
INFO: [HDL 9-3290] back to file '/home/cc/eecs151/sp20/class/eecs151-abm/riscv/hardware/src/riscv_core/id.v' [/home/cc/eecs151/sp20/class/eecs151-abm/riscv/hardware/src/riscv_core/id.v:1]
INFO: [HDL 9-1065] Parsing verilog file "/home/cc/eecs151/sp20/class/eecs151-abm/riscv/hardware/src/riscv_core/../defines.vh" included at line 2. [/home/cc/eecs151/sp20/class/eecs151-abm/riscv/hardware/src/riscv_core/id.v:2]
INFO: [HDL 9-3290] back to file '/home/cc/eecs151/sp20/class/eecs151-abm/riscv/hardware/src/riscv_core/id.v' [/home/cc/eecs151/sp20/class/eecs151-abm/riscv/hardware/src/riscv_core/id.v:2]
WARNING: [HDL 9-3756] overwriting previous definition of module 'id' [/home/cc/eecs151/sp20/class/eecs151-abm/riscv/hardware/src/riscv_core/id.v:16]
INFO: [HDL 9-1065] Parsing verilog file "/home/cc/eecs151/sp20/class/eecs151-abm/riscv/hardware/src/riscv_core/../defines.vh" included at line 1. [/home/cc/eecs151/sp20/class/eecs151-abm/riscv/hardware/src/riscv_core/id_ex.v:1]
INFO: [HDL 9-3290] back to file '/home/cc/eecs151/sp20/class/eecs151-abm/riscv/hardware/src/riscv_core/id_ex.v' [/home/cc/eecs151/sp20/class/eecs151-abm/riscv/hardware/src/riscv_core/id_ex.v:1]
WARNING: [HDL 9-3756] overwriting previous definition of module 'id_ex' [/home/cc/eecs151/sp20/class/eecs151-abm/riscv/hardware/src/riscv_core/id_ex.v:28]
INFO: [HDL 9-1065] Parsing verilog file "/home/cc/eecs151/sp20/class/eecs151-abm/riscv/hardware/src/riscv_core/../defines.vh" included at line 8. [/home/cc/eecs151/sp20/class/eecs151-abm/riscv/hardware/src/riscv_core/ex.v:8]
INFO: [HDL 9-3290] back to file '/home/cc/eecs151/sp20/class/eecs151-abm/riscv/hardware/src/riscv_core/ex.v' [/home/cc/eecs151/sp20/class/eecs151-abm/riscv/hardware/src/riscv_core/ex.v:8]
INFO: [HDL 9-1065] Parsing verilog file "/home/cc/eecs151/sp20/class/eecs151-abm/riscv/hardware/src/riscv_core/mux.v" included at line 9. [/home/cc/eecs151/sp20/class/eecs151-abm/riscv/hardware/src/riscv_core/ex.v:9]
INFO: [HDL 9-3290] back to file '/home/cc/eecs151/sp20/class/eecs151-abm/riscv/hardware/src/riscv_core/ex.v' [/home/cc/eecs151/sp20/class/eecs151-abm/riscv/hardware/src/riscv_core/ex.v:9]
INFO: [HDL 9-2728] undeclared symbol mem_wdata_judge, assumed default net type wire [/home/cc/eecs151/sp20/class/eecs151-abm/riscv/hardware/src/riscv_core/ex.v:91]
WARNING: [HDL 9-3756] overwriting previous definition of module 'ex' [/home/cc/eecs151/sp20/class/eecs151-abm/riscv/hardware/src/riscv_core/ex.v:11]
INFO: [HDL 9-1065] Parsing verilog file "/home/cc/eecs151/sp20/class/eecs151-abm/riscv/hardware/src/riscv_core/../defines.vh" included at line 1. [/home/cc/eecs151/sp20/class/eecs151-abm/riscv/hardware/src/riscv_core/ex_wb.v:1]
INFO: [HDL 9-3290] back to file '/home/cc/eecs151/sp20/class/eecs151-abm/riscv/hardware/src/riscv_core/ex_wb.v' [/home/cc/eecs151/sp20/class/eecs151-abm/riscv/hardware/src/riscv_core/ex_wb.v:1]
WARNING: [HDL 9-3756] overwriting previous definition of module 'ex_wb' [/home/cc/eecs151/sp20/class/eecs151-abm/riscv/hardware/src/riscv_core/ex_wb.v:4]
INFO: [HDL 9-1065] Parsing verilog file "/home/cc/eecs151/sp20/class/eecs151-abm/riscv/hardware/src/riscv_core/../EECS151.v" included at line 1. [/home/cc/eecs151/sp20/class/eecs151-abm/riscv/hardware/src/io_circuits/display_controller.v:1]
INFO: [HDL 9-3290] back to file '/home/cc/eecs151/sp20/class/eecs151-abm/riscv/hardware/src/io_circuits/display_controller.v' [/home/cc/eecs151/sp20/class/eecs151-abm/riscv/hardware/src/io_circuits/display_controller.v:1]
INFO: [HDL 9-1065] Parsing verilog file "/home/cc/eecs151/sp20/class/eecs151-abm/riscv/hardware/src/riscv_core/../EECS151.v" included at line 1. [/home/cc/eecs151/sp20/class/eecs151-abm/riscv/hardware/src/io_circuits/fifo.v:1]
INFO: [HDL 9-3290] back to file '/home/cc/eecs151/sp20/class/eecs151-abm/riscv/hardware/src/io_circuits/fifo.v' [/home/cc/eecs151/sp20/class/eecs151-abm/riscv/hardware/src/io_circuits/fifo.v:1]
WARNING: [HDL 9-3527] identifier 'enq_fire' is used before its declaration [/home/cc/eecs151/sp20/class/eecs151-abm/riscv/hardware/src/io_circuits/fifo.v:30]
WARNING: [HDL 9-3527] identifier 'num1' is used before its declaration [/home/cc/eecs151/sp20/class/eecs151-abm/riscv/hardware/src/io_circuits/fifo.v:30]
WARNING: [HDL 9-3527] identifier 'deq_fire' is used before its declaration [/home/cc/eecs151/sp20/class/eecs151-abm/riscv/hardware/src/io_circuits/fifo.v:31]
INFO: [HDL 9-1065] Parsing verilog file "/home/cc/eecs151/sp20/class/eecs151-abm/riscv/hardware/src/riscv_core/../Opcode.vh" included at line 1. [/home/cc/eecs151/sp20/class/eecs151-abm/riscv/hardware/src/riscv_core/ID/id.v:1]
INFO: [HDL 9-3290] back to file '/home/cc/eecs151/sp20/class/eecs151-abm/riscv/hardware/src/riscv_core/ID/id.v' [/home/cc/eecs151/sp20/class/eecs151-abm/riscv/hardware/src/riscv_core/ID/id.v:1]
INFO: [HDL 9-1065] Parsing verilog file "/home/cc/eecs151/sp20/class/eecs151-abm/riscv/hardware/src/riscv_core/../defines.vh" included at line 2. [/home/cc/eecs151/sp20/class/eecs151-abm/riscv/hardware/src/riscv_core/ID/id.v:2]
INFO: [HDL 9-3290] back to file '/home/cc/eecs151/sp20/class/eecs151-abm/riscv/hardware/src/riscv_core/ID/id.v' [/home/cc/eecs151/sp20/class/eecs151-abm/riscv/hardware/src/riscv_core/ID/id.v:2]
INFO: [HDL 9-1065] Parsing verilog file "/home/cc/eecs151/sp20/class/eecs151-abm/riscv/hardware/src/riscv_core/../Opcode.vh" included at line 1. [/home/cc/eecs151/sp20/class/eecs151-abm/riscv/hardware/src/riscv_core/ID/id.v:1]
INFO: [HDL 9-3290] back to file '/home/cc/eecs151/sp20/class/eecs151-abm/riscv/hardware/src/riscv_core/ID/id.v' [/home/cc/eecs151/sp20/class/eecs151-abm/riscv/hardware/src/riscv_core/ID/id.v:1]
INFO: [HDL 9-1065] Parsing verilog file "/home/cc/eecs151/sp20/class/eecs151-abm/riscv/hardware/src/riscv_core/../defines.vh" included at line 2. [/home/cc/eecs151/sp20/class/eecs151-abm/riscv/hardware/src/riscv_core/ID/id.v:2]
INFO: [HDL 9-3290] back to file '/home/cc/eecs151/sp20/class/eecs151-abm/riscv/hardware/src/riscv_core/ID/id.v' [/home/cc/eecs151/sp20/class/eecs151-abm/riscv/hardware/src/riscv_core/ID/id.v:2]
WARNING: [HDL 9-3756] overwriting previous definition of module 'id' [/home/cc/eecs151/sp20/class/eecs151-abm/riscv/hardware/src/riscv_core/ID/id.v:16]
INFO: [HDL 9-1065] Parsing verilog file "/home/cc/eecs151/sp20/class/eecs151-abm/riscv/hardware/src/riscv_core/../defines.vh" included at line 1. [/home/cc/eecs151/sp20/class/eecs151-abm/riscv/hardware/src/riscv_core/ID/id_ex.v:1]
INFO: [HDL 9-3290] back to file '/home/cc/eecs151/sp20/class/eecs151-abm/riscv/hardware/src/riscv_core/ID/id_ex.v' [/home/cc/eecs151/sp20/class/eecs151-abm/riscv/hardware/src/riscv_core/ID/id_ex.v:1]
INFO: [HDL 9-1065] Parsing verilog file "/home/cc/eecs151/sp20/class/eecs151-abm/riscv/hardware/src/riscv_core/../defines.vh" included at line 1. [/home/cc/eecs151/sp20/class/eecs151-abm/riscv/hardware/src/riscv_core/ID/id_ex.v:1]
INFO: [HDL 9-3290] back to file '/home/cc/eecs151/sp20/class/eecs151-abm/riscv/hardware/src/riscv_core/ID/id_ex.v' [/home/cc/eecs151/sp20/class/eecs151-abm/riscv/hardware/src/riscv_core/ID/id_ex.v:1]
WARNING: [HDL 9-3756] overwriting previous definition of module 'id_ex' [/home/cc/eecs151/sp20/class/eecs151-abm/riscv/hardware/src/riscv_core/ID/id_ex.v:28]
INFO: [HDL 9-1065] Parsing verilog file "/home/cc/eecs151/sp20/class/eecs151-abm/riscv/hardware/src/riscv_core/../defines.vh" included at line 8. [/home/cc/eecs151/sp20/class/eecs151-abm/riscv/hardware/src/riscv_core/EX/ex.v:8]
INFO: [HDL 9-3290] back to file '/home/cc/eecs151/sp20/class/eecs151-abm/riscv/hardware/src/riscv_core/EX/ex.v' [/home/cc/eecs151/sp20/class/eecs151-abm/riscv/hardware/src/riscv_core/EX/ex.v:8]
INFO: [HDL 9-1065] Parsing verilog file "/home/cc/eecs151/sp20/class/eecs151-abm/riscv/hardware/src/riscv_core/EX/../mux.v" included at line 9. [/home/cc/eecs151/sp20/class/eecs151-abm/riscv/hardware/src/riscv_core/EX/ex.v:9]
INFO: [HDL 9-3290] back to file '/home/cc/eecs151/sp20/class/eecs151-abm/riscv/hardware/src/riscv_core/EX/ex.v' [/home/cc/eecs151/sp20/class/eecs151-abm/riscv/hardware/src/riscv_core/EX/ex.v:9]
INFO: [HDL 9-2728] undeclared symbol mem_wdata_judge, assumed default net type wire [/home/cc/eecs151/sp20/class/eecs151-abm/riscv/hardware/src/riscv_core/EX/ex.v:91]
INFO: [HDL 9-1065] Parsing verilog file "/home/cc/eecs151/sp20/class/eecs151-abm/riscv/hardware/src/riscv_core/../defines.vh" included at line 8. [/home/cc/eecs151/sp20/class/eecs151-abm/riscv/hardware/src/riscv_core/EX/ex.v:8]
INFO: [HDL 9-3290] back to file '/home/cc/eecs151/sp20/class/eecs151-abm/riscv/hardware/src/riscv_core/EX/ex.v' [/home/cc/eecs151/sp20/class/eecs151-abm/riscv/hardware/src/riscv_core/EX/ex.v:8]
INFO: [HDL 9-1065] Parsing verilog file "/home/cc/eecs151/sp20/class/eecs151-abm/riscv/hardware/src/riscv_core/EX/../mux.v" included at line 9. [/home/cc/eecs151/sp20/class/eecs151-abm/riscv/hardware/src/riscv_core/EX/ex.v:9]
INFO: [HDL 9-3290] back to file '/home/cc/eecs151/sp20/class/eecs151-abm/riscv/hardware/src/riscv_core/EX/ex.v' [/home/cc/eecs151/sp20/class/eecs151-abm/riscv/hardware/src/riscv_core/EX/ex.v:9]
INFO: [HDL 9-2728] undeclared symbol mem_wdata_judge, assumed default net type wire [/home/cc/eecs151/sp20/class/eecs151-abm/riscv/hardware/src/riscv_core/EX/ex.v:91]
WARNING: [HDL 9-3756] overwriting previous definition of module 'ex' [/home/cc/eecs151/sp20/class/eecs151-abm/riscv/hardware/src/riscv_core/EX/ex.v:11]
INFO: [HDL 9-1065] Parsing verilog file "/home/cc/eecs151/sp20/class/eecs151-abm/riscv/hardware/src/riscv_core/../defines.vh" included at line 1. [/home/cc/eecs151/sp20/class/eecs151-abm/riscv/hardware/src/riscv_core/EX/ex_wb.v:1]
INFO: [HDL 9-3290] back to file '/home/cc/eecs151/sp20/class/eecs151-abm/riscv/hardware/src/riscv_core/EX/ex_wb.v' [/home/cc/eecs151/sp20/class/eecs151-abm/riscv/hardware/src/riscv_core/EX/ex_wb.v:1]
INFO: [HDL 9-1065] Parsing verilog file "/home/cc/eecs151/sp20/class/eecs151-abm/riscv/hardware/src/riscv_core/../defines.vh" included at line 1. [/home/cc/eecs151/sp20/class/eecs151-abm/riscv/hardware/src/riscv_core/EX/ex_wb.v:1]
INFO: [HDL 9-3290] back to file '/home/cc/eecs151/sp20/class/eecs151-abm/riscv/hardware/src/riscv_core/EX/ex_wb.v' [/home/cc/eecs151/sp20/class/eecs151-abm/riscv/hardware/src/riscv_core/EX/ex_wb.v:1]
WARNING: [HDL 9-3756] overwriting previous definition of module 'ex_wb' [/home/cc/eecs151/sp20/class/eecs151-abm/riscv/hardware/src/riscv_core/EX/ex_wb.v:4]
INFO: [HDL 9-1065] Parsing verilog file "/home/cc/eecs151/sp20/class/eecs151-abm/riscv/hardware/src/riscv_core/../defines.vh" included at line 1. [/home/cc/eecs151/sp20/class/eecs151-abm/riscv/hardware/src/riscv_core/WB/wb.v:1]
INFO: [HDL 9-3290] back to file '/home/cc/eecs151/sp20/class/eecs151-abm/riscv/hardware/src/riscv_core/WB/wb.v' [/home/cc/eecs151/sp20/class/eecs151-abm/riscv/hardware/src/riscv_core/WB/wb.v:1]
INFO: [HDL 9-1065] Parsing verilog file "/home/cc/eecs151/sp20/class/eecs151-abm/riscv/hardware/src/riscv_core/WB/../mux.v" included at line 2. [/home/cc/eecs151/sp20/class/eecs151-abm/riscv/hardware/src/riscv_core/WB/wb.v:2]
INFO: [HDL 9-3290] back to file '/home/cc/eecs151/sp20/class/eecs151-abm/riscv/hardware/src/riscv_core/WB/wb.v' [/home/cc/eecs151/sp20/class/eecs151-abm/riscv/hardware/src/riscv_core/WB/wb.v:2]
INFO: [HDL 9-1065] Parsing verilog file "/home/cc/eecs151/sp20/class/eecs151-abm/riscv/hardware/src/riscv_core/../defines.vh" included at line 1. [/home/cc/eecs151/sp20/class/eecs151-abm/riscv/hardware/src/riscv_core/WB/wb.v:1]
INFO: [HDL 9-3290] back to file '/home/cc/eecs151/sp20/class/eecs151-abm/riscv/hardware/src/riscv_core/WB/wb.v' [/home/cc/eecs151/sp20/class/eecs151-abm/riscv/hardware/src/riscv_core/WB/wb.v:1]
INFO: [HDL 9-1065] Parsing verilog file "/home/cc/eecs151/sp20/class/eecs151-abm/riscv/hardware/src/riscv_core/WB/../mux.v" included at line 2. [/home/cc/eecs151/sp20/class/eecs151-abm/riscv/hardware/src/riscv_core/WB/wb.v:2]
INFO: [HDL 9-3290] back to file '/home/cc/eecs151/sp20/class/eecs151-abm/riscv/hardware/src/riscv_core/WB/wb.v' [/home/cc/eecs151/sp20/class/eecs151-abm/riscv/hardware/src/riscv_core/WB/wb.v:2]
WARNING: [HDL 9-3756] overwriting previous definition of module 'wb' [/home/cc/eecs151/sp20/class/eecs151-abm/riscv/hardware/src/riscv_core/WB/wb.v:4]
WARNING: [HDL 9-3756] overwriting previous definition of module 'REGISTER' [/home/cc/eecs151/sp20/class/eecs151-abm/riscv/hardware/src/riscv_core/../EECS151.v:27]
WARNING: [HDL 9-3756] overwriting previous definition of module 'REGISTER_CE' [/home/cc/eecs151/sp20/class/eecs151-abm/riscv/hardware/src/riscv_core/../EECS151.v:38]
WARNING: [HDL 9-3756] overwriting previous definition of module 'REGISTER_R' [/home/cc/eecs151/sp20/class/eecs151-abm/riscv/hardware/src/riscv_core/../EECS151.v:49]
WARNING: [HDL 9-3756] overwriting previous definition of module 'REGISTER_R_CE' [/home/cc/eecs151/sp20/class/eecs151-abm/riscv/hardware/src/riscv_core/../EECS151.v:63]
WARNING: [HDL 9-3756] overwriting previous definition of module 'ASYNC_ROM' [/home/cc/eecs151/sp20/class/eecs151-abm/riscv/hardware/src/riscv_core/../EECS151.v:82]
WARNING: [HDL 9-3756] overwriting previous definition of module 'ASYNC_RAM' [/home/cc/eecs151/sp20/class/eecs151-abm/riscv/hardware/src/riscv_core/../EECS151.v:112]
WARNING: [HDL 9-3756] overwriting previous definition of module 'SYNC_ROM' [/home/cc/eecs151/sp20/class/eecs151-abm/riscv/hardware/src/riscv_core/../EECS151.v:152]
WARNING: [HDL 9-3756] overwriting previous definition of module 'SYNC_RAM' [/home/cc/eecs151/sp20/class/eecs151-abm/riscv/hardware/src/riscv_core/../EECS151.v:187]
WARNING: [HDL 9-3756] overwriting previous definition of module 'SYNC_RAM_WBE' [/home/cc/eecs151/sp20/class/eecs151-abm/riscv/hardware/src/riscv_core/../EECS151.v:225]
WARNING: [HDL 9-3756] overwriting previous definition of module 'XILINX_SYNC_RAM_DP' [/home/cc/eecs151/sp20/class/eecs151-abm/riscv/hardware/src/riscv_core/../EECS151.v:269]
WARNING: [HDL 9-3756] overwriting previous definition of module 'XILINX_SYNC_RAM_DP_WBE' [/home/cc/eecs151/sp20/class/eecs151-abm/riscv/hardware/src/riscv_core/../EECS151.v:329]
WARNING: [HDL 9-3756] overwriting previous definition of module 'XILINX_ASYNC_RAM_DP' [/home/cc/eecs151/sp20/class/eecs151-abm/riscv/hardware/src/riscv_core/../EECS151.v:394]
WARNING: [HDL 9-3756] overwriting previous definition of module 'REGFILE_1W2R' [/home/cc/eecs151/sp20/class/eecs151-abm/riscv/hardware/src/riscv_core/../EECS151.v:445]
WARNING: [HDL 9-3756] overwriting previous definition of module 'REGISTER' [/home/cc/eecs151/sp20/class/eecs151-abm/riscv/hardware/src/riscv_core/../EECS151.v:27]
WARNING: [HDL 9-3756] overwriting previous definition of module 'REGISTER_CE' [/home/cc/eecs151/sp20/class/eecs151-abm/riscv/hardware/src/riscv_core/../EECS151.v:38]
WARNING: [HDL 9-3756] overwriting previous definition of module 'REGISTER_R' [/home/cc/eecs151/sp20/class/eecs151-abm/riscv/hardware/src/riscv_core/../EECS151.v:49]
WARNING: [HDL 9-3756] overwriting previous definition of module 'REGISTER_R_CE' [/home/cc/eecs151/sp20/class/eecs151-abm/riscv/hardware/src/riscv_core/../EECS151.v:63]
WARNING: [HDL 9-3756] overwriting previous definition of module 'ASYNC_ROM' [/home/cc/eecs151/sp20/class/eecs151-abm/riscv/hardware/src/riscv_core/../EECS151.v:82]
WARNING: [HDL 9-3756] overwriting previous definition of module 'ASYNC_RAM' [/home/cc/eecs151/sp20/class/eecs151-abm/riscv/hardware/src/riscv_core/../EECS151.v:112]
WARNING: [HDL 9-3756] overwriting previous definition of module 'SYNC_ROM' [/home/cc/eecs151/sp20/class/eecs151-abm/riscv/hardware/src/riscv_core/../EECS151.v:152]
WARNING: [HDL 9-3756] overwriting previous definition of module 'SYNC_RAM' [/home/cc/eecs151/sp20/class/eecs151-abm/riscv/hardware/src/riscv_core/../EECS151.v:187]
WARNING: [HDL 9-3756] overwriting previous definition of module 'SYNC_RAM_WBE' [/home/cc/eecs151/sp20/class/eecs151-abm/riscv/hardware/src/riscv_core/../EECS151.v:225]
WARNING: [HDL 9-3756] overwriting previous definition of module 'XILINX_SYNC_RAM_DP' [/home/cc/eecs151/sp20/class/eecs151-abm/riscv/hardware/src/riscv_core/../EECS151.v:269]
WARNING: [HDL 9-3756] overwriting previous definition of module 'XILINX_SYNC_RAM_DP_WBE' [/home/cc/eecs151/sp20/class/eecs151-abm/riscv/hardware/src/riscv_core/../EECS151.v:329]
WARNING: [HDL 9-3756] overwriting previous definition of module 'XILINX_ASYNC_RAM_DP' [/home/cc/eecs151/sp20/class/eecs151-abm/riscv/hardware/src/riscv_core/../EECS151.v:394]
WARNING: [HDL 9-3756] overwriting previous definition of module 'REGFILE_1W2R' [/home/cc/eecs151/sp20/class/eecs151-abm/riscv/hardware/src/riscv_core/../EECS151.v:445]
WARNING: [HDL 9-3756] overwriting previous definition of module 'REGISTER' [/home/cc/eecs151/sp20/class/eecs151-abm/riscv/hardware/src/riscv_core/../EECS151.v:27]
WARNING: [HDL 9-3756] overwriting previous definition of module 'REGISTER_CE' [/home/cc/eecs151/sp20/class/eecs151-abm/riscv/hardware/src/riscv_core/../EECS151.v:38]
WARNING: [HDL 9-3756] overwriting previous definition of module 'REGISTER_R' [/home/cc/eecs151/sp20/class/eecs151-abm/riscv/hardware/src/riscv_core/../EECS151.v:49]
WARNING: [HDL 9-3756] overwriting previous definition of module 'REGISTER_R_CE' [/home/cc/eecs151/sp20/class/eecs151-abm/riscv/hardware/src/riscv_core/../EECS151.v:63]
WARNING: [HDL 9-3756] overwriting previous definition of module 'ASYNC_ROM' [/home/cc/eecs151/sp20/class/eecs151-abm/riscv/hardware/src/riscv_core/../EECS151.v:82]
WARNING: [HDL 9-3756] overwriting previous definition of module 'ASYNC_RAM' [/home/cc/eecs151/sp20/class/eecs151-abm/riscv/hardware/src/riscv_core/../EECS151.v:112]
WARNING: [HDL 9-3756] overwriting previous definition of module 'SYNC_ROM' [/home/cc/eecs151/sp20/class/eecs151-abm/riscv/hardware/src/riscv_core/../EECS151.v:152]
WARNING: [HDL 9-3756] overwriting previous definition of module 'SYNC_RAM' [/home/cc/eecs151/sp20/class/eecs151-abm/riscv/hardware/src/riscv_core/../EECS151.v:187]
WARNING: [HDL 9-3756] overwriting previous definition of module 'SYNC_RAM_WBE' [/home/cc/eecs151/sp20/class/eecs151-abm/riscv/hardware/src/riscv_core/../EECS151.v:225]
WARNING: [HDL 9-3756] overwriting previous definition of module 'XILINX_SYNC_RAM_DP' [/home/cc/eecs151/sp20/class/eecs151-abm/riscv/hardware/src/riscv_core/../EECS151.v:269]
WARNING: [HDL 9-3756] overwriting previous definition of module 'XILINX_SYNC_RAM_DP_WBE' [/home/cc/eecs151/sp20/class/eecs151-abm/riscv/hardware/src/riscv_core/../EECS151.v:329]
WARNING: [HDL 9-3756] overwriting previous definition of module 'XILINX_ASYNC_RAM_DP' [/home/cc/eecs151/sp20/class/eecs151-abm/riscv/hardware/src/riscv_core/../EECS151.v:394]
WARNING: [HDL 9-3756] overwriting previous definition of module 'REGFILE_1W2R' [/home/cc/eecs151/sp20/class/eecs151-abm/riscv/hardware/src/riscv_core/../EECS151.v:445]
WARNING: [HDL 9-3756] overwriting previous definition of module 'REGISTER' [/home/cc/eecs151/sp20/class/eecs151-abm/riscv/hardware/src/riscv_core/../EECS151.v:27]
WARNING: [HDL 9-3756] overwriting previous definition of module 'REGISTER_CE' [/home/cc/eecs151/sp20/class/eecs151-abm/riscv/hardware/src/riscv_core/../EECS151.v:38]
WARNING: [HDL 9-3756] overwriting previous definition of module 'REGISTER_R' [/home/cc/eecs151/sp20/class/eecs151-abm/riscv/hardware/src/riscv_core/../EECS151.v:49]
WARNING: [HDL 9-3756] overwriting previous definition of module 'REGISTER_R_CE' [/home/cc/eecs151/sp20/class/eecs151-abm/riscv/hardware/src/riscv_core/../EECS151.v:63]
WARNING: [HDL 9-3756] overwriting previous definition of module 'ASYNC_ROM' [/home/cc/eecs151/sp20/class/eecs151-abm/riscv/hardware/src/riscv_core/../EECS151.v:82]
WARNING: [HDL 9-3756] overwriting previous definition of module 'ASYNC_RAM' [/home/cc/eecs151/sp20/class/eecs151-abm/riscv/hardware/src/riscv_core/../EECS151.v:112]
WARNING: [HDL 9-3756] overwriting previous definition of module 'SYNC_ROM' [/home/cc/eecs151/sp20/class/eecs151-abm/riscv/hardware/src/riscv_core/../EECS151.v:152]
WARNING: [HDL 9-3756] overwriting previous definition of module 'SYNC_RAM' [/home/cc/eecs151/sp20/class/eecs151-abm/riscv/hardware/src/riscv_core/../EECS151.v:187]
WARNING: [HDL 9-3756] overwriting previous definition of module 'SYNC_RAM_WBE' [/home/cc/eecs151/sp20/class/eecs151-abm/riscv/hardware/src/riscv_core/../EECS151.v:225]
WARNING: [HDL 9-3756] overwriting previous definition of module 'XILINX_SYNC_RAM_DP' [/home/cc/eecs151/sp20/class/eecs151-abm/riscv/hardware/src/riscv_core/../EECS151.v:269]
WARNING: [HDL 9-3756] overwriting previous definition of module 'XILINX_SYNC_RAM_DP_WBE' [/home/cc/eecs151/sp20/class/eecs151-abm/riscv/hardware/src/riscv_core/../EECS151.v:329]
WARNING: [HDL 9-3756] overwriting previous definition of module 'XILINX_ASYNC_RAM_DP' [/home/cc/eecs151/sp20/class/eecs151-abm/riscv/hardware/src/riscv_core/../EECS151.v:394]
WARNING: [HDL 9-3756] overwriting previous definition of module 'REGFILE_1W2R' [/home/cc/eecs151/sp20/class/eecs151-abm/riscv/hardware/src/riscv_core/../EECS151.v:445]
WARNING: [HDL 9-3756] overwriting previous definition of module 'REGISTER' [/home/cc/eecs151/sp20/class/eecs151-abm/riscv/hardware/src/riscv_core/../EECS151.v:27]
WARNING: [HDL 9-3756] overwriting previous definition of module 'REGISTER_CE' [/home/cc/eecs151/sp20/class/eecs151-abm/riscv/hardware/src/riscv_core/../EECS151.v:38]
WARNING: [HDL 9-3756] overwriting previous definition of module 'REGISTER_R' [/home/cc/eecs151/sp20/class/eecs151-abm/riscv/hardware/src/riscv_core/../EECS151.v:49]
WARNING: [HDL 9-3756] overwriting previous definition of module 'REGISTER_R_CE' [/home/cc/eecs151/sp20/class/eecs151-abm/riscv/hardware/src/riscv_core/../EECS151.v:63]
WARNING: [HDL 9-3756] overwriting previous definition of module 'ASYNC_ROM' [/home/cc/eecs151/sp20/class/eecs151-abm/riscv/hardware/src/riscv_core/../EECS151.v:82]
WARNING: [HDL 9-3756] overwriting previous definition of module 'ASYNC_RAM' [/home/cc/eecs151/sp20/class/eecs151-abm/riscv/hardware/src/riscv_core/../EECS151.v:112]
WARNING: [HDL 9-3756] overwriting previous definition of module 'SYNC_ROM' [/home/cc/eecs151/sp20/class/eecs151-abm/riscv/hardware/src/riscv_core/../EECS151.v:152]
WARNING: [HDL 9-3756] overwriting previous definition of module 'SYNC_RAM' [/home/cc/eecs151/sp20/class/eecs151-abm/riscv/hardware/src/riscv_core/../EECS151.v:187]
WARNING: [HDL 9-3756] overwriting previous definition of module 'SYNC_RAM_WBE' [/home/cc/eecs151/sp20/class/eecs151-abm/riscv/hardware/src/riscv_core/../EECS151.v:225]
WARNING: [HDL 9-3756] overwriting previous definition of module 'XILINX_SYNC_RAM_DP' [/home/cc/eecs151/sp20/class/eecs151-abm/riscv/hardware/src/riscv_core/../EECS151.v:269]
WARNING: [HDL 9-3756] overwriting previous definition of module 'XILINX_SYNC_RAM_DP_WBE' [/home/cc/eecs151/sp20/class/eecs151-abm/riscv/hardware/src/riscv_core/../EECS151.v:329]
WARNING: [HDL 9-3756] overwriting previous definition of module 'XILINX_ASYNC_RAM_DP' [/home/cc/eecs151/sp20/class/eecs151-abm/riscv/hardware/src/riscv_core/../EECS151.v:394]
WARNING: [HDL 9-3756] overwriting previous definition of module 'REGFILE_1W2R' [/home/cc/eecs151/sp20/class/eecs151-abm/riscv/hardware/src/riscv_core/../EECS151.v:445]
# update_compile_order -fileset sources_1
INFO: [Common 17-206] Exiting Vivado at Sun Apr  5 21:58:26 2020...
