
*** Running vivado
    with args -log z1top.vds -m64 -product Vivado -mode batch -messageDb vivado.pb -notrace -source z1top.tcl


****** Vivado v2019.1 (64-bit)
  **** SW Build 2552052 on Fri May 24 14:47:09 MDT 2019
  **** IP Build 2548770 on Fri May 24 18:01:18 MDT 2019
    ** Copyright 1986-2019 Xilinx, Inc. All Rights Reserved.

source z1top.tcl -notrace
Command: synth_design -top z1top -part xc7z020clg400-1
Starting synth_design
Attempting to get a license for feature 'Synthesis' and/or device 'xc7z020'
INFO: [Common 17-349] Got license for feature 'Synthesis' and/or device 'xc7z020'
INFO: [Device 21-403] Loading part xc7z020clg400-1
INFO: Launching helper process for spawning children vivado processes
INFO: Helper process launched with PID 14477 
WARNING: [Synth 8-2490] overwriting previous definition of module id [/home/cc/eecs151/sp20/class/eecs151-abm/riscv/hardware/src/riscv_core/id.v:16]
WARNING: [Synth 8-2490] overwriting previous definition of module id_ex [/home/cc/eecs151/sp20/class/eecs151-abm/riscv/hardware/src/riscv_core/id_ex.v:28]
WARNING: [Synth 8-2490] overwriting previous definition of module ex [/home/cc/eecs151/sp20/class/eecs151-abm/riscv/hardware/src/riscv_core/ex.v:11]
WARNING: [Synth 8-2490] overwriting previous definition of module ex_wb [/home/cc/eecs151/sp20/class/eecs151-abm/riscv/hardware/src/riscv_core/ex_wb.v:4]
WARNING: [Synth 8-2490] overwriting previous definition of module wb [/home/cc/eecs151/sp20/class/eecs151-abm/riscv/hardware/src/riscv_core/wb.v:4]
WARNING: [Synth 8-2490] overwriting previous definition of module REGISTER [/home/cc/eecs151/sp20/class/eecs151-abm/riscv/hardware/src/riscv_core/../EECS151.v:27]
WARNING: [Synth 8-2490] overwriting previous definition of module REGISTER_CE [/home/cc/eecs151/sp20/class/eecs151-abm/riscv/hardware/src/riscv_core/../EECS151.v:38]
WARNING: [Synth 8-2490] overwriting previous definition of module REGISTER_R [/home/cc/eecs151/sp20/class/eecs151-abm/riscv/hardware/src/riscv_core/../EECS151.v:49]
WARNING: [Synth 8-2490] overwriting previous definition of module REGISTER_R_CE [/home/cc/eecs151/sp20/class/eecs151-abm/riscv/hardware/src/riscv_core/../EECS151.v:63]
WARNING: [Synth 8-2490] overwriting previous definition of module ASYNC_ROM [/home/cc/eecs151/sp20/class/eecs151-abm/riscv/hardware/src/riscv_core/../EECS151.v:82]
WARNING: [Synth 8-2490] overwriting previous definition of module ASYNC_RAM [/home/cc/eecs151/sp20/class/eecs151-abm/riscv/hardware/src/riscv_core/../EECS151.v:112]
WARNING: [Synth 8-2490] overwriting previous definition of module SYNC_ROM [/home/cc/eecs151/sp20/class/eecs151-abm/riscv/hardware/src/riscv_core/../EECS151.v:152]
WARNING: [Synth 8-2490] overwriting previous definition of module SYNC_RAM [/home/cc/eecs151/sp20/class/eecs151-abm/riscv/hardware/src/riscv_core/../EECS151.v:187]
WARNING: [Synth 8-2490] overwriting previous definition of module SYNC_RAM_WBE [/home/cc/eecs151/sp20/class/eecs151-abm/riscv/hardware/src/riscv_core/../EECS151.v:225]
WARNING: [Synth 8-2490] overwriting previous definition of module XILINX_SYNC_RAM_DP [/home/cc/eecs151/sp20/class/eecs151-abm/riscv/hardware/src/riscv_core/../EECS151.v:269]
WARNING: [Synth 8-2490] overwriting previous definition of module XILINX_SYNC_RAM_DP_WBE [/home/cc/eecs151/sp20/class/eecs151-abm/riscv/hardware/src/riscv_core/../EECS151.v:329]
WARNING: [Synth 8-2490] overwriting previous definition of module XILINX_ASYNC_RAM_DP [/home/cc/eecs151/sp20/class/eecs151-abm/riscv/hardware/src/riscv_core/../EECS151.v:394]
WARNING: [Synth 8-2490] overwriting previous definition of module REGFILE_1W2R [/home/cc/eecs151/sp20/class/eecs151-abm/riscv/hardware/src/riscv_core/../EECS151.v:445]
WARNING: [Synth 8-2490] overwriting previous definition of module REGISTER [/home/cc/eecs151/sp20/class/eecs151-abm/riscv/hardware/src/riscv_core/../EECS151.v:27]
WARNING: [Synth 8-2490] overwriting previous definition of module REGISTER_CE [/home/cc/eecs151/sp20/class/eecs151-abm/riscv/hardware/src/riscv_core/../EECS151.v:38]
WARNING: [Synth 8-2490] overwriting previous definition of module REGISTER_R [/home/cc/eecs151/sp20/class/eecs151-abm/riscv/hardware/src/riscv_core/../EECS151.v:49]
WARNING: [Synth 8-2490] overwriting previous definition of module REGISTER_R_CE [/home/cc/eecs151/sp20/class/eecs151-abm/riscv/hardware/src/riscv_core/../EECS151.v:63]
WARNING: [Synth 8-2490] overwriting previous definition of module ASYNC_ROM [/home/cc/eecs151/sp20/class/eecs151-abm/riscv/hardware/src/riscv_core/../EECS151.v:82]
WARNING: [Synth 8-2490] overwriting previous definition of module ASYNC_RAM [/home/cc/eecs151/sp20/class/eecs151-abm/riscv/hardware/src/riscv_core/../EECS151.v:112]
WARNING: [Synth 8-2490] overwriting previous definition of module SYNC_ROM [/home/cc/eecs151/sp20/class/eecs151-abm/riscv/hardware/src/riscv_core/../EECS151.v:152]
WARNING: [Synth 8-2490] overwriting previous definition of module SYNC_RAM [/home/cc/eecs151/sp20/class/eecs151-abm/riscv/hardware/src/riscv_core/../EECS151.v:187]
WARNING: [Synth 8-2490] overwriting previous definition of module SYNC_RAM_WBE [/home/cc/eecs151/sp20/class/eecs151-abm/riscv/hardware/src/riscv_core/../EECS151.v:225]
WARNING: [Synth 8-2490] overwriting previous definition of module XILINX_SYNC_RAM_DP [/home/cc/eecs151/sp20/class/eecs151-abm/riscv/hardware/src/riscv_core/../EECS151.v:269]
WARNING: [Synth 8-2490] overwriting previous definition of module XILINX_SYNC_RAM_DP_WBE [/home/cc/eecs151/sp20/class/eecs151-abm/riscv/hardware/src/riscv_core/../EECS151.v:329]
WARNING: [Synth 8-2490] overwriting previous definition of module XILINX_ASYNC_RAM_DP [/home/cc/eecs151/sp20/class/eecs151-abm/riscv/hardware/src/riscv_core/../EECS151.v:394]
WARNING: [Synth 8-2490] overwriting previous definition of module REGFILE_1W2R [/home/cc/eecs151/sp20/class/eecs151-abm/riscv/hardware/src/riscv_core/../EECS151.v:445]
WARNING: [Synth 8-2490] overwriting previous definition of module REGISTER [/home/cc/eecs151/sp20/class/eecs151-abm/riscv/hardware/src/riscv_core/../EECS151.v:27]
WARNING: [Synth 8-2490] overwriting previous definition of module REGISTER_CE [/home/cc/eecs151/sp20/class/eecs151-abm/riscv/hardware/src/riscv_core/../EECS151.v:38]
WARNING: [Synth 8-2490] overwriting previous definition of module REGISTER_R [/home/cc/eecs151/sp20/class/eecs151-abm/riscv/hardware/src/riscv_core/../EECS151.v:49]
WARNING: [Synth 8-2490] overwriting previous definition of module REGISTER_R_CE [/home/cc/eecs151/sp20/class/eecs151-abm/riscv/hardware/src/riscv_core/../EECS151.v:63]
WARNING: [Synth 8-2490] overwriting previous definition of module ASYNC_ROM [/home/cc/eecs151/sp20/class/eecs151-abm/riscv/hardware/src/riscv_core/../EECS151.v:82]
WARNING: [Synth 8-2490] overwriting previous definition of module ASYNC_RAM [/home/cc/eecs151/sp20/class/eecs151-abm/riscv/hardware/src/riscv_core/../EECS151.v:112]
WARNING: [Synth 8-2490] overwriting previous definition of module SYNC_ROM [/home/cc/eecs151/sp20/class/eecs151-abm/riscv/hardware/src/riscv_core/../EECS151.v:152]
WARNING: [Synth 8-2490] overwriting previous definition of module SYNC_RAM [/home/cc/eecs151/sp20/class/eecs151-abm/riscv/hardware/src/riscv_core/../EECS151.v:187]
WARNING: [Synth 8-2490] overwriting previous definition of module SYNC_RAM_WBE [/home/cc/eecs151/sp20/class/eecs151-abm/riscv/hardware/src/riscv_core/../EECS151.v:225]
WARNING: [Synth 8-2490] overwriting previous definition of module XILINX_SYNC_RAM_DP [/home/cc/eecs151/sp20/class/eecs151-abm/riscv/hardware/src/riscv_core/../EECS151.v:269]
WARNING: [Synth 8-2490] overwriting previous definition of module XILINX_SYNC_RAM_DP_WBE [/home/cc/eecs151/sp20/class/eecs151-abm/riscv/hardware/src/riscv_core/../EECS151.v:329]
WARNING: [Synth 8-2490] overwriting previous definition of module XILINX_ASYNC_RAM_DP [/home/cc/eecs151/sp20/class/eecs151-abm/riscv/hardware/src/riscv_core/../EECS151.v:394]
WARNING: [Synth 8-2490] overwriting previous definition of module REGFILE_1W2R [/home/cc/eecs151/sp20/class/eecs151-abm/riscv/hardware/src/riscv_core/../EECS151.v:445]
WARNING: [Synth 8-2490] overwriting previous definition of module id [/home/cc/eecs151/sp20/class/eecs151-abm/riscv/hardware/src/riscv_core/id.v:16]
WARNING: [Synth 8-2490] overwriting previous definition of module id_ex [/home/cc/eecs151/sp20/class/eecs151-abm/riscv/hardware/src/riscv_core/id_ex.v:28]
WARNING: [Synth 8-2490] overwriting previous definition of module ex [/home/cc/eecs151/sp20/class/eecs151-abm/riscv/hardware/src/riscv_core/ex.v:11]
WARNING: [Synth 8-2490] overwriting previous definition of module ex_wb [/home/cc/eecs151/sp20/class/eecs151-abm/riscv/hardware/src/riscv_core/ex_wb.v:4]
WARNING: [Synth 8-2490] overwriting previous definition of module wb [/home/cc/eecs151/sp20/class/eecs151-abm/riscv/hardware/src/riscv_core/wb.v:4]
WARNING: [Synth 8-2490] overwriting previous definition of module Riscv151 [/home/cc/eecs151/sp20/class/eecs151-abm/riscv/hardware/src/riscv_core/Riscv151.v:9]
WARNING: [Synth 8-2490] overwriting previous definition of module button_parser [/home/cc/eecs151/sp20/class/eecs151-abm/riscv/hardware/src/io_circuits/button_parser.v:2]
---------------------------------------------------------------------------------
Starting RTL Elaboration : Time (s): cpu = 00:00:03 ; elapsed = 00:00:06 . Memory (MB): peak = 1836.105 ; gain = 156.547 ; free physical = 7186 ; free virtual = 17282
---------------------------------------------------------------------------------
INFO: [Synth 8-6157] synthesizing module 'z1top' [/home/cc/eecs151/sp20/class/eecs151-abm/riscv/hardware/src/z1top.v:4]
	Parameter CPU_CLOCK_PERIOD bound to: 20 - type: integer 
	Parameter CPU_CLOCK_FREQ bound to: 50000000 - type: integer 
	Parameter B_SAMPLE_CNT_MAX bound to: 25000 - type: integer 
	Parameter B_PULSE_CNT_MAX bound to: 200 - type: integer 
INFO: [Synth 8-6157] synthesizing module 'clk_wiz' [/home/cc/eecs151/sp20/class/eecs151-abm/riscv/hardware/src/clk_wiz.v:58]
	Parameter CLKIN1_PERIOD bound to: 8 - type: integer 
	Parameter CLKFBOUT_MULT_F bound to: 8 - type: integer 
	Parameter DIVCLK_DIVIDE bound to: 1 - type: integer 
	Parameter CLKOUT0_DIVIDE bound to: 20 - type: integer 
INFO: [Synth 8-6157] synthesizing module 'IBUF' [/share/instsww/xilinx/Vivado/2019.1/scripts/rt/data/unisim_comp.v:32856]
	Parameter CAPACITANCE bound to: DONT_CARE - type: string 
	Parameter IBUF_DELAY_VALUE bound to: 0 - type: string 
	Parameter IBUF_LOW_PWR bound to: TRUE - type: string 
	Parameter IFD_DELAY_VALUE bound to: AUTO - type: string 
	Parameter IOSTANDARD bound to: DEFAULT - type: string 
INFO: [Synth 8-6155] done synthesizing module 'IBUF' (1#1) [/share/instsww/xilinx/Vivado/2019.1/scripts/rt/data/unisim_comp.v:32856]
INFO: [Synth 8-6157] synthesizing module 'PLLE2_ADV' [/share/instsww/xilinx/Vivado/2019.1/scripts/rt/data/unisim_comp.v:61199]
	Parameter BANDWIDTH bound to: OPTIMIZED - type: string 
	Parameter CLKFBOUT_MULT bound to: 8 - type: integer 
	Parameter CLKFBOUT_PHASE bound to: 0.000000 - type: float 
	Parameter CLKIN1_PERIOD bound to: 8.000000 - type: float 
	Parameter CLKIN2_PERIOD bound to: 0.000000 - type: float 
	Parameter CLKOUT0_DIVIDE bound to: 20 - type: integer 
	Parameter CLKOUT0_DUTY_CYCLE bound to: 0.500000 - type: float 
	Parameter CLKOUT0_PHASE bound to: 0.000000 - type: float 
	Parameter CLKOUT1_DIVIDE bound to: 1 - type: integer 
	Parameter CLKOUT1_DUTY_CYCLE bound to: 0.500000 - type: float 
	Parameter CLKOUT1_PHASE bound to: 0.000000 - type: float 
	Parameter CLKOUT2_DIVIDE bound to: 1 - type: integer 
	Parameter CLKOUT2_DUTY_CYCLE bound to: 0.500000 - type: float 
	Parameter CLKOUT2_PHASE bound to: 0.000000 - type: float 
	Parameter CLKOUT3_DIVIDE bound to: 1 - type: integer 
	Parameter CLKOUT3_DUTY_CYCLE bound to: 0.500000 - type: float 
	Parameter CLKOUT3_PHASE bound to: 0.000000 - type: float 
	Parameter CLKOUT4_DIVIDE bound to: 1 - type: integer 
	Parameter CLKOUT4_DUTY_CYCLE bound to: 0.500000 - type: float 
	Parameter CLKOUT4_PHASE bound to: 0.000000 - type: float 
	Parameter CLKOUT5_DIVIDE bound to: 1 - type: integer 
	Parameter CLKOUT5_DUTY_CYCLE bound to: 0.500000 - type: float 
	Parameter CLKOUT5_PHASE bound to: 0.000000 - type: float 
	Parameter COMPENSATION bound to: ZHOLD - type: string 
	Parameter DIVCLK_DIVIDE bound to: 1 - type: integer 
	Parameter IS_CLKINSEL_INVERTED bound to: 1'b0 
	Parameter IS_PWRDWN_INVERTED bound to: 1'b0 
	Parameter IS_RST_INVERTED bound to: 1'b0 
	Parameter REF_JITTER1 bound to: 0.010000 - type: float 
	Parameter REF_JITTER2 bound to: 0.010000 - type: float 
	Parameter STARTUP_WAIT bound to: FALSE - type: string 
INFO: [Synth 8-6155] done synthesizing module 'PLLE2_ADV' (2#1) [/share/instsww/xilinx/Vivado/2019.1/scripts/rt/data/unisim_comp.v:61199]
INFO: [Synth 8-6157] synthesizing module 'BUFG' [/share/instsww/xilinx/Vivado/2019.1/scripts/rt/data/unisim_comp.v:1075]
INFO: [Synth 8-6155] done synthesizing module 'BUFG' (3#1) [/share/instsww/xilinx/Vivado/2019.1/scripts/rt/data/unisim_comp.v:1075]
INFO: [Synth 8-6155] done synthesizing module 'clk_wiz' (4#1) [/home/cc/eecs151/sp20/class/eecs151-abm/riscv/hardware/src/clk_wiz.v:58]
INFO: [Synth 8-6157] synthesizing module 'button_parser' [/home/cc/eecs151/sp20/class/eecs151-abm/riscv/hardware/src/io_circuits/button_parser.v:2]
	Parameter WIDTH bound to: 4 - type: integer 
	Parameter SAMPLE_CNT_MAX bound to: 25000 - type: integer 
	Parameter PULSE_CNT_MAX bound to: 200 - type: integer 
INFO: [Synth 8-6157] synthesizing module 'synchronizer' [/home/cc/eecs151/sp20/class/eecs151-abm/riscv/hardware/src/io_circuits/synchronizer.v:3]
	Parameter WIDTH bound to: 4 - type: integer 
INFO: [Synth 8-6157] synthesizing module 'REGISTER' [/home/cc/eecs151/sp20/class/eecs151-abm/riscv/hardware/src/EECS151.v:27]
	Parameter N bound to: 4 - type: integer 
INFO: [Synth 8-6155] done synthesizing module 'REGISTER' (5#1) [/home/cc/eecs151/sp20/class/eecs151-abm/riscv/hardware/src/EECS151.v:27]
INFO: [Synth 8-6155] done synthesizing module 'synchronizer' (6#1) [/home/cc/eecs151/sp20/class/eecs151-abm/riscv/hardware/src/io_circuits/synchronizer.v:3]
INFO: [Synth 8-6157] synthesizing module 'debouncer' [/home/cc/eecs151/sp20/class/eecs151-abm/riscv/hardware/src/io_circuits/debouncer.v:3]
	Parameter WIDTH bound to: 4 - type: integer 
	Parameter SAMPLE_CNT_MAX bound to: 25000 - type: integer 
	Parameter PULSE_CNT_MAX bound to: 200 - type: integer 
	Parameter WRAPPING_CNT_WIDTH bound to: 16 - type: integer 
	Parameter SAT_CNT_WIDTH bound to: 9 - type: integer 
INFO: [Synth 8-6157] synthesizing module 'REGISTER_R_CE' [/home/cc/eecs151/sp20/class/eecs151-abm/riscv/hardware/src/EECS151.v:63]
	Parameter N bound to: 9 - type: integer 
	Parameter INIT bound to: 9'b000000000 
INFO: [Synth 8-6155] done synthesizing module 'REGISTER_R_CE' (7#1) [/home/cc/eecs151/sp20/class/eecs151-abm/riscv/hardware/src/EECS151.v:63]
INFO: [Synth 8-6157] synthesizing module 'REGISTER_R' [/home/cc/eecs151/sp20/class/eecs151-abm/riscv/hardware/src/EECS151.v:49]
	Parameter N bound to: 16 - type: integer 
	Parameter INIT bound to: 16'b0000000000000000 
INFO: [Synth 8-6155] done synthesizing module 'REGISTER_R' (8#1) [/home/cc/eecs151/sp20/class/eecs151-abm/riscv/hardware/src/EECS151.v:49]
INFO: [Synth 8-6157] synthesizing module 'REGISTER_CE' [/home/cc/eecs151/sp20/class/eecs151-abm/riscv/hardware/src/EECS151.v:38]
	Parameter N bound to: 4 - type: integer 
INFO: [Synth 8-6155] done synthesizing module 'REGISTER_CE' (9#1) [/home/cc/eecs151/sp20/class/eecs151-abm/riscv/hardware/src/EECS151.v:38]
INFO: [Synth 8-6155] done synthesizing module 'debouncer' (10#1) [/home/cc/eecs151/sp20/class/eecs151-abm/riscv/hardware/src/io_circuits/debouncer.v:3]
INFO: [Synth 8-6157] synthesizing module 'edge_detector' [/home/cc/eecs151/sp20/class/eecs151-abm/riscv/hardware/src/io_circuits/edge_detector.v:3]
	Parameter WIDTH bound to: 4 - type: integer 
INFO: [Synth 8-6157] synthesizing module 'REGISTER_R_CE__parameterized0' [/home/cc/eecs151/sp20/class/eecs151-abm/riscv/hardware/src/EECS151.v:63]
	Parameter N bound to: 1 - type: integer 
	Parameter INIT bound to: 1'b0 
INFO: [Synth 8-6155] done synthesizing module 'REGISTER_R_CE__parameterized0' (10#1) [/home/cc/eecs151/sp20/class/eecs151-abm/riscv/hardware/src/EECS151.v:63]
INFO: [Synth 8-6155] done synthesizing module 'edge_detector' (11#1) [/home/cc/eecs151/sp20/class/eecs151-abm/riscv/hardware/src/io_circuits/edge_detector.v:3]
INFO: [Synth 8-6155] done synthesizing module 'button_parser' (12#1) [/home/cc/eecs151/sp20/class/eecs151-abm/riscv/hardware/src/io_circuits/button_parser.v:2]
INFO: [Synth 8-6157] synthesizing module 'Riscv151' [/home/cc/eecs151/sp20/class/eecs151-abm/riscv/hardware/src/riscv_core/Riscv151.v:9]
	Parameter CPU_CLOCK_FREQ bound to: 50000000 - type: integer 
	Parameter RESET_PC bound to: 1073741824 - type: integer 
	Parameter BAUD_RATE bound to: 115200 - type: integer 
	Parameter BIOS_MEM_HEX_FILE bound to: bios151v3.mif - type: string 
	Parameter BIOS_AWIDTH bound to: 12 - type: integer 
	Parameter BIOS_DWIDTH bound to: 32 - type: integer 
	Parameter BIOS_DEPTH bound to: 4096 - type: integer 
	Parameter IMEM_AWIDTH bound to: 14 - type: integer 
	Parameter IMEM_DWIDTH bound to: 32 - type: integer 
	Parameter IMEM_DEPTH bound to: 16384 - type: integer 
	Parameter DMEM_AWIDTH bound to: 32 - type: integer 
	Parameter DMEM_DWIDTH bound to: 32 - type: integer 
	Parameter DMEM_DEPTH bound to: 16384 - type: integer 
	Parameter CSR_ADDR bound to: 12'b010100011110 
INFO: [Synth 8-6157] synthesizing module 'mux_pc' [/home/cc/eecs151/sp20/class/eecs151-abm/riscv/hardware/src/riscv_core/mux.v:23]
INFO: [Synth 8-6155] done synthesizing module 'mux_pc' (13#1) [/home/cc/eecs151/sp20/class/eecs151-abm/riscv/hardware/src/riscv_core/mux.v:23]
INFO: [Synth 8-6157] synthesizing module 'REGISTER_R__parameterized0' [/home/cc/eecs151/sp20/class/eecs151-abm/riscv/hardware/src/EECS151.v:49]
	Parameter N bound to: 32 - type: integer 
	Parameter INIT bound to: 32'b00111111111111111111111111111111 
INFO: [Synth 8-6155] done synthesizing module 'REGISTER_R__parameterized0' (13#1) [/home/cc/eecs151/sp20/class/eecs151-abm/riscv/hardware/src/EECS151.v:49]
INFO: [Synth 8-6157] synthesizing module 'XILINX_SYNC_RAM_DP' [/home/cc/eecs151/sp20/class/eecs151-abm/riscv/hardware/src/EECS151.v:269]
	Parameter DWIDTH bound to: 32 - type: integer 
	Parameter AWIDTH bound to: 12 - type: integer 
	Parameter DEPTH bound to: 4096 - type: integer 
	Parameter MEM_INIT_HEX_FILE bound to: bios151v3.mif - type: string 
	Parameter MEM_INIT_BIN_FILE bound to: (null) - type: string 
INFO: [Synth 8-5534] Detected attribute (* ram_style = "block" *) [/home/cc/eecs151/sp20/class/eecs151-abm/riscv/hardware/src/EECS151.v:286]
INFO: [Synth 8-3876] $readmem data file 'bios151v3.mif' is read successfully [/home/cc/eecs151/sp20/class/eecs151-abm/riscv/hardware/src/EECS151.v:291]
INFO: [Synth 8-6155] done synthesizing module 'XILINX_SYNC_RAM_DP' (14#1) [/home/cc/eecs151/sp20/class/eecs151-abm/riscv/hardware/src/EECS151.v:269]
INFO: [Synth 8-6157] synthesizing module 'XILINX_SYNC_RAM_DP__parameterized0' [/home/cc/eecs151/sp20/class/eecs151-abm/riscv/hardware/src/EECS151.v:269]
	Parameter DWIDTH bound to: 32 - type: integer 
	Parameter AWIDTH bound to: 14 - type: integer 
	Parameter DEPTH bound to: 16384 - type: integer 
	Parameter MEM_INIT_HEX_FILE bound to: (null) - type: string 
	Parameter MEM_INIT_BIN_FILE bound to: (null) - type: string 
INFO: [Synth 8-6155] done synthesizing module 'XILINX_SYNC_RAM_DP__parameterized0' (14#1) [/home/cc/eecs151/sp20/class/eecs151-abm/riscv/hardware/src/EECS151.v:269]
INFO: [Synth 8-6157] synthesizing module 'mux_imem_read' [/home/cc/eecs151/sp20/class/eecs151-abm/riscv/hardware/src/riscv_core/mux.v:66]
INFO: [Synth 8-6155] done synthesizing module 'mux_imem_read' (15#1) [/home/cc/eecs151/sp20/class/eecs151-abm/riscv/hardware/src/riscv_core/mux.v:66]
INFO: [Synth 8-6157] synthesizing module 'id' [/home/cc/eecs151/sp20/class/eecs151-abm/riscv/hardware/src/riscv_core/id.v:16]
INFO: [Synth 8-6157] synthesizing module 'control_unit' [/home/cc/eecs151/sp20/class/eecs151-abm/riscv/hardware/src/riscv_core/control_unit.v:62]
INFO: [Synth 8-6155] done synthesizing module 'control_unit' (16#1) [/home/cc/eecs151/sp20/class/eecs151-abm/riscv/hardware/src/riscv_core/control_unit.v:62]
INFO: [Synth 8-6157] synthesizing module 'imm_gen' [/home/cc/eecs151/sp20/class/eecs151-abm/riscv/hardware/src/riscv_core/imm_gen.v:4]
INFO: [Synth 8-6155] done synthesizing module 'imm_gen' (17#1) [/home/cc/eecs151/sp20/class/eecs151-abm/riscv/hardware/src/riscv_core/imm_gen.v:4]
INFO: [Synth 8-6157] synthesizing module 'branch_comp' [/home/cc/eecs151/sp20/class/eecs151-abm/riscv/hardware/src/riscv_core/branch_comp.v:2]
INFO: [Synth 8-155] case statement is not full and has no default [/home/cc/eecs151/sp20/class/eecs151-abm/riscv/hardware/src/riscv_core/branch_comp.v:12]
INFO: [Synth 8-6155] done synthesizing module 'branch_comp' (18#1) [/home/cc/eecs151/sp20/class/eecs151-abm/riscv/hardware/src/riscv_core/branch_comp.v:2]
INFO: [Synth 8-6155] done synthesizing module 'id' (19#1) [/home/cc/eecs151/sp20/class/eecs151-abm/riscv/hardware/src/riscv_core/id.v:16]
INFO: [Synth 8-6157] synthesizing module 'REGFILE_1W2R' [/home/cc/eecs151/sp20/class/eecs151-abm/riscv/hardware/src/EECS151.v:445]
	Parameter DWIDTH bound to: 32 - type: integer 
	Parameter AWIDTH bound to: 5 - type: integer 
	Parameter DEPTH bound to: 32 - type: integer 
	Parameter MEM_INIT_HEX_FILE bound to: (null) - type: string 
	Parameter MEM_INIT_BIN_FILE bound to: (null) - type: string 
INFO: [Synth 8-6155] done synthesizing module 'REGFILE_1W2R' (20#1) [/home/cc/eecs151/sp20/class/eecs151-abm/riscv/hardware/src/EECS151.v:445]
INFO: [Synth 8-6157] synthesizing module 'id_ex' [/home/cc/eecs151/sp20/class/eecs151-abm/riscv/hardware/src/riscv_core/id_ex.v:28]
INFO: [Synth 8-6157] synthesizing module 'REGISTER_R__parameterized1' [/home/cc/eecs151/sp20/class/eecs151-abm/riscv/hardware/src/EECS151.v:49]
	Parameter N bound to: 32 - type: integer 
	Parameter INIT bound to: 32'b00000000000000000000000000000000 
INFO: [Synth 8-6155] done synthesizing module 'REGISTER_R__parameterized1' (20#1) [/home/cc/eecs151/sp20/class/eecs151-abm/riscv/hardware/src/EECS151.v:49]
INFO: [Synth 8-6157] synthesizing module 'REGISTER_R__parameterized2' [/home/cc/eecs151/sp20/class/eecs151-abm/riscv/hardware/src/EECS151.v:49]
	Parameter N bound to: 5 - type: integer 
	Parameter INIT bound to: 5'b00000 
INFO: [Synth 8-6155] done synthesizing module 'REGISTER_R__parameterized2' (20#1) [/home/cc/eecs151/sp20/class/eecs151-abm/riscv/hardware/src/EECS151.v:49]
INFO: [Synth 8-6157] synthesizing module 'REGISTER_R__parameterized3' [/home/cc/eecs151/sp20/class/eecs151-abm/riscv/hardware/src/EECS151.v:49]
	Parameter N bound to: 3 - type: integer 
	Parameter INIT bound to: 3'b000 
INFO: [Synth 8-6155] done synthesizing module 'REGISTER_R__parameterized3' (20#1) [/home/cc/eecs151/sp20/class/eecs151-abm/riscv/hardware/src/EECS151.v:49]
INFO: [Synth 8-6157] synthesizing module 'REGISTER_R__parameterized4' [/home/cc/eecs151/sp20/class/eecs151-abm/riscv/hardware/src/EECS151.v:49]
	Parameter N bound to: 1 - type: integer 
	Parameter INIT bound to: 1'b0 
INFO: [Synth 8-6155] done synthesizing module 'REGISTER_R__parameterized4' (20#1) [/home/cc/eecs151/sp20/class/eecs151-abm/riscv/hardware/src/EECS151.v:49]
INFO: [Synth 8-6157] synthesizing module 'REGISTER_R__parameterized5' [/home/cc/eecs151/sp20/class/eecs151-abm/riscv/hardware/src/EECS151.v:49]
	Parameter N bound to: 2 - type: integer 
	Parameter INIT bound to: 2'b00 
INFO: [Synth 8-6155] done synthesizing module 'REGISTER_R__parameterized5' (20#1) [/home/cc/eecs151/sp20/class/eecs151-abm/riscv/hardware/src/EECS151.v:49]
INFO: [Synth 8-6155] done synthesizing module 'id_ex' (21#1) [/home/cc/eecs151/sp20/class/eecs151-abm/riscv/hardware/src/riscv_core/id_ex.v:28]
INFO: [Synth 8-6157] synthesizing module 'ex' [/home/cc/eecs151/sp20/class/eecs151-abm/riscv/hardware/src/riscv_core/ex.v:11]
INFO: [Synth 8-6157] synthesizing module 'dmem_wr' [/home/cc/eecs151/sp20/class/eecs151-abm/riscv/hardware/src/riscv_core/dmem_wr.v:1]
INFO: [Synth 8-6155] done synthesizing module 'dmem_wr' (22#1) [/home/cc/eecs151/sp20/class/eecs151-abm/riscv/hardware/src/riscv_core/dmem_wr.v:1]
INFO: [Synth 8-6157] synthesizing module 'alu_control' [/home/cc/eecs151/sp20/class/eecs151-abm/riscv/hardware/src/riscv_core/alu_control.v:3]
INFO: [Synth 8-6155] done synthesizing module 'alu_control' (23#1) [/home/cc/eecs151/sp20/class/eecs151-abm/riscv/hardware/src/riscv_core/alu_control.v:3]
INFO: [Synth 8-6157] synthesizing module 'forwarding_unit' [/home/cc/eecs151/sp20/class/eecs151-abm/riscv/hardware/src/riscv_core/forwarding_unit.v:3]
WARNING: [Synth 8-3848] Net mem_wdata_judge in module/entity forwarding_unit does not have driver. [/home/cc/eecs151/sp20/class/eecs151-abm/riscv/hardware/src/riscv_core/forwarding_unit.v:10]
INFO: [Synth 8-6155] done synthesizing module 'forwarding_unit' (24#1) [/home/cc/eecs151/sp20/class/eecs151-abm/riscv/hardware/src/riscv_core/forwarding_unit.v:3]
INFO: [Synth 8-6157] synthesizing module 'change_mem_wr' [/home/cc/eecs151/sp20/class/eecs151-abm/riscv/hardware/src/riscv_core/change_mem_wr.v:1]
INFO: [Synth 8-6155] done synthesizing module 'change_mem_wr' (25#1) [/home/cc/eecs151/sp20/class/eecs151-abm/riscv/hardware/src/riscv_core/change_mem_wr.v:1]
INFO: [Synth 8-6157] synthesizing module 'mux_reg1' [/home/cc/eecs151/sp20/class/eecs151-abm/riscv/hardware/src/riscv_core/mux.v:38]
INFO: [Synth 8-6155] done synthesizing module 'mux_reg1' (26#1) [/home/cc/eecs151/sp20/class/eecs151-abm/riscv/hardware/src/riscv_core/mux.v:38]
INFO: [Synth 8-6157] synthesizing module 'mux_reg2' [/home/cc/eecs151/sp20/class/eecs151-abm/riscv/hardware/src/riscv_core/mux.v:52]
INFO: [Synth 8-6155] done synthesizing module 'mux_reg2' (27#1) [/home/cc/eecs151/sp20/class/eecs151-abm/riscv/hardware/src/riscv_core/mux.v:52]
INFO: [Synth 8-6157] synthesizing module 'alu' [/home/cc/eecs151/sp20/class/eecs151-abm/riscv/hardware/src/riscv_core/alu.v:3]
INFO: [Synth 8-6155] done synthesizing module 'alu' (28#1) [/home/cc/eecs151/sp20/class/eecs151-abm/riscv/hardware/src/riscv_core/alu.v:3]
INFO: [Synth 8-6155] done synthesizing module 'ex' (29#1) [/home/cc/eecs151/sp20/class/eecs151-abm/riscv/hardware/src/riscv_core/ex.v:11]
INFO: [Synth 8-6157] synthesizing module 'ex_wb' [/home/cc/eecs151/sp20/class/eecs151-abm/riscv/hardware/src/riscv_core/ex_wb.v:4]
INFO: [Synth 8-6155] done synthesizing module 'ex_wb' (30#1) [/home/cc/eecs151/sp20/class/eecs151-abm/riscv/hardware/src/riscv_core/ex_wb.v:4]
INFO: [Synth 8-6157] synthesizing module 'SYNC_RAM_WBE' [/home/cc/eecs151/sp20/class/eecs151-abm/riscv/hardware/src/EECS151.v:225]
	Parameter DWIDTH bound to: 32 - type: integer 
	Parameter AWIDTH bound to: 32 - type: integer 
	Parameter DEPTH bound to: 16384 - type: integer 
	Parameter MEM_INIT_HEX_FILE bound to: (null) - type: string 
	Parameter MEM_INIT_BIN_FILE bound to: (null) - type: string 
INFO: [Synth 8-5534] Detected attribute (* ram_style = "block" *) [/home/cc/eecs151/sp20/class/eecs151-abm/riscv/hardware/src/EECS151.v:236]
INFO: [Synth 8-6155] done synthesizing module 'SYNC_RAM_WBE' (31#1) [/home/cc/eecs151/sp20/class/eecs151-abm/riscv/hardware/src/EECS151.v:225]
INFO: [Synth 8-6157] synthesizing module 'REGISTER_R_CE__parameterized1' [/home/cc/eecs151/sp20/class/eecs151-abm/riscv/hardware/src/EECS151.v:63]
	Parameter N bound to: 32 - type: integer 
	Parameter INIT bound to: 32'b00000000000000000000000000000000 
INFO: [Synth 8-6155] done synthesizing module 'REGISTER_R_CE__parameterized1' (31#1) [/home/cc/eecs151/sp20/class/eecs151-abm/riscv/hardware/src/EECS151.v:63]
INFO: [Synth 8-6157] synthesizing module 'wb' [/home/cc/eecs151/sp20/class/eecs151-abm/riscv/hardware/src/riscv_core/wb.v:4]
INFO: [Synth 8-6157] synthesizing module 'mux_dmem' [/home/cc/eecs151/sp20/class/eecs151-abm/riscv/hardware/src/riscv_core/mux.v:5]
INFO: [Synth 8-6155] done synthesizing module 'mux_dmem' (32#1) [/home/cc/eecs151/sp20/class/eecs151-abm/riscv/hardware/src/riscv_core/mux.v:5]
INFO: [Synth 8-6155] done synthesizing module 'wb' (33#1) [/home/cc/eecs151/sp20/class/eecs151-abm/riscv/hardware/src/riscv_core/wb.v:4]
WARNING: [Synth 8-3848] Net FPGA_SERIAL_TX in module/entity Riscv151 does not have driver. [/home/cc/eecs151/sp20/class/eecs151-abm/riscv/hardware/src/riscv_core/Riscv151.v:20]
WARNING: [Synth 8-3848] Net bios_addrb in module/entity Riscv151 does not have driver. [/home/cc/eecs151/sp20/class/eecs151-abm/riscv/hardware/src/riscv_core/Riscv151.v:35]
WARNING: [Synth 8-3848] Net rf_wd in module/entity Riscv151 does not have driver. [/home/cc/eecs151/sp20/class/eecs151-abm/riscv/hardware/src/riscv_core/Riscv151.v:131]
WARNING: [Synth 8-3848] Net imem_dina in module/entity Riscv151 does not have driver. [/home/cc/eecs151/sp20/class/eecs151-abm/riscv/hardware/src/riscv_core/Riscv151.v:90]
WARNING: [Synth 8-3848] Net imem_dinb in module/entity Riscv151 does not have driver. [/home/cc/eecs151/sp20/class/eecs151-abm/riscv/hardware/src/riscv_core/Riscv151.v:90]
WARNING: [Synth 8-3848] Net imem_addrb in module/entity Riscv151 does not have driver. [/home/cc/eecs151/sp20/class/eecs151-abm/riscv/hardware/src/riscv_core/Riscv151.v:88]
INFO: [Synth 8-6155] done synthesizing module 'Riscv151' (34#1) [/home/cc/eecs151/sp20/class/eecs151-abm/riscv/hardware/src/riscv_core/Riscv151.v:9]
INFO: [Synth 8-6155] done synthesizing module 'z1top' (35#1) [/home/cc/eecs151/sp20/class/eecs151-abm/riscv/hardware/src/z1top.v:4]
WARNING: [Synth 8-3331] design SYNC_RAM_WBE has unconnected port addr[31]
WARNING: [Synth 8-3331] design SYNC_RAM_WBE has unconnected port addr[30]
WARNING: [Synth 8-3331] design SYNC_RAM_WBE has unconnected port addr[29]
WARNING: [Synth 8-3331] design SYNC_RAM_WBE has unconnected port addr[28]
WARNING: [Synth 8-3331] design SYNC_RAM_WBE has unconnected port addr[27]
WARNING: [Synth 8-3331] design SYNC_RAM_WBE has unconnected port addr[26]
WARNING: [Synth 8-3331] design SYNC_RAM_WBE has unconnected port addr[25]
WARNING: [Synth 8-3331] design SYNC_RAM_WBE has unconnected port addr[24]
WARNING: [Synth 8-3331] design SYNC_RAM_WBE has unconnected port addr[23]
WARNING: [Synth 8-3331] design SYNC_RAM_WBE has unconnected port addr[22]
WARNING: [Synth 8-3331] design SYNC_RAM_WBE has unconnected port addr[21]
WARNING: [Synth 8-3331] design SYNC_RAM_WBE has unconnected port addr[20]
WARNING: [Synth 8-3331] design SYNC_RAM_WBE has unconnected port addr[19]
WARNING: [Synth 8-3331] design SYNC_RAM_WBE has unconnected port addr[18]
WARNING: [Synth 8-3331] design SYNC_RAM_WBE has unconnected port addr[17]
WARNING: [Synth 8-3331] design SYNC_RAM_WBE has unconnected port addr[16]
WARNING: [Synth 8-3331] design SYNC_RAM_WBE has unconnected port addr[15]
WARNING: [Synth 8-3331] design SYNC_RAM_WBE has unconnected port addr[14]
WARNING: [Synth 8-3331] design forwarding_unit has unconnected port mem_wdata_judge
WARNING: [Synth 8-3331] design ex has unconnected port control_uart_i
WARNING: [Synth 8-3331] design imm_gen has unconnected port opcode_i[1]
WARNING: [Synth 8-3331] design imm_gen has unconnected port opcode_i[0]
WARNING: [Synth 8-3331] design Riscv151 has unconnected port FPGA_SERIAL_TX
WARNING: [Synth 8-3331] design Riscv151 has unconnected port FPGA_SERIAL_RX
WARNING: [Synth 8-3331] design z1top has unconnected port SWITCHES[0]
---------------------------------------------------------------------------------
Finished RTL Elaboration : Time (s): cpu = 00:00:07 ; elapsed = 00:00:10 . Memory (MB): peak = 1910.023 ; gain = 230.465 ; free physical = 7195 ; free virtual = 17292
---------------------------------------------------------------------------------

Report Check Netlist: 
+------+------------------+-------+---------+-------+------------------+
|      |Item              |Errors |Warnings |Status |Description       |
+------+------------------+-------+---------+-------+------------------+
|1     |multi_driven_nets |      0|        0|Passed |Multi driven nets |
+------+------------------+-------+---------+-------+------------------+
---------------------------------------------------------------------------------
Start Handling Custom Attributes
---------------------------------------------------------------------------------
---------------------------------------------------------------------------------
Finished Handling Custom Attributes : Time (s): cpu = 00:00:07 ; elapsed = 00:00:11 . Memory (MB): peak = 1924.859 ; gain = 245.301 ; free physical = 7199 ; free virtual = 17295
---------------------------------------------------------------------------------
---------------------------------------------------------------------------------
Finished RTL Optimization Phase 1 : Time (s): cpu = 00:00:07 ; elapsed = 00:00:11 . Memory (MB): peak = 1924.859 ; gain = 245.301 ; free physical = 7199 ; free virtual = 17295
---------------------------------------------------------------------------------
INFO: [Netlist 29-17] Analyzing 1 Unisim elements for replacement
INFO: [Netlist 29-28] Unisim Transformation completed in 0 CPU seconds
INFO: [Project 1-570] Preparing netlist for logic optimization

Processing XDC Constraints
Initializing timing engine
Parsing XDC File [/home/cc/eecs151/sp20/class/eecs151-abm/riscv/hardware/constrs/pynq-z1.xdc]
Finished Parsing XDC File [/home/cc/eecs151/sp20/class/eecs151-abm/riscv/hardware/constrs/pynq-z1.xdc]
INFO: [Project 1-236] Implementation specific constraints were found while reading constraint file [/home/cc/eecs151/sp20/class/eecs151-abm/riscv/hardware/constrs/pynq-z1.xdc]. These constraints will be ignored for synthesis but will be used in implementation. Impacted constraints are listed in the file [.Xil/z1top_propImpl.xdc].
Resolution: To avoid this warning, move constraints listed in [.Xil/z1top_propImpl.xdc] to another XDC file and exclude this new file from synthesis with the used_in_synthesis property (File Properties dialog in GUI) and re-run elaboration/synthesis.
INFO: [Timing 38-2] Deriving generated clocks
Completed Processing XDC Constraints

Netlist sorting complete. Time (s): cpu = 00:00:00 ; elapsed = 00:00:00 . Memory (MB): peak = 2060.559 ; gain = 0.000 ; free physical = 7074 ; free virtual = 17183
INFO: [Project 1-111] Unisim Transformation Summary:
No Unisim elements were transformed.

Constraint Validation Runtime : Time (s): cpu = 00:00:00 ; elapsed = 00:00:00.01 . Memory (MB): peak = 2060.559 ; gain = 0.000 ; free physical = 7074 ; free virtual = 17183
---------------------------------------------------------------------------------
Finished Constraint Validation : Time (s): cpu = 00:00:13 ; elapsed = 00:00:20 . Memory (MB): peak = 2060.562 ; gain = 381.004 ; free physical = 7163 ; free virtual = 17272
---------------------------------------------------------------------------------
---------------------------------------------------------------------------------
Start Loading Part and Timing Information
---------------------------------------------------------------------------------
Loading part: xc7z020clg400-1
---------------------------------------------------------------------------------
Finished Loading Part and Timing Information : Time (s): cpu = 00:00:13 ; elapsed = 00:00:20 . Memory (MB): peak = 2060.562 ; gain = 381.004 ; free physical = 7163 ; free virtual = 17272
---------------------------------------------------------------------------------
---------------------------------------------------------------------------------
Start Applying 'set_property' XDC Constraints
---------------------------------------------------------------------------------
---------------------------------------------------------------------------------
Finished applying 'set_property' XDC Constraints : Time (s): cpu = 00:00:13 ; elapsed = 00:00:20 . Memory (MB): peak = 2060.562 ; gain = 381.004 ; free physical = 7162 ; free virtual = 17272
---------------------------------------------------------------------------------
INFO: [Synth 8-5546] ROM "control_forward" won't be mapped to RAM because it is too sparse
INFO: [Synth 8-3971] The signal "XILINX_SYNC_RAM_DP:/mem_reg" was recognized as a true dual port RAM template.
INFO: [Synth 8-3971] The signal "XILINX_SYNC_RAM_DP__parameterized0:/mem_reg" was recognized as a true dual port RAM template.
WARNING: [Synth 8-327] inferring latch for variable 'branch_judge_reg' [/home/cc/eecs151/sp20/class/eecs151-abm/riscv/hardware/src/riscv_core/branch_comp.v:13]
WARNING: [Synth 8-327] inferring latch for variable 'out_data_reg' [/home/cc/eecs151/sp20/class/eecs151-abm/riscv/hardware/src/riscv_core/change_mem_wr.v:16]
WARNING: [Synth 8-6841] Block RAM (mem_reg) originally specified as a Byte Wide Write Enable RAM cannot take advantage of ByteWide feature and is implemented with single write enable per RAM due to following reason.
(address width (14) is more than optimal threshold of 12. Implementing using BWWE will require more logic and timing would be suboptimal. Please use attribute "ram_decomp = power" if BWWE is desired.)
---------------------------------------------------------------------------------
Finished RTL Optimization Phase 2 : Time (s): cpu = 00:00:14 ; elapsed = 00:00:21 . Memory (MB): peak = 2060.570 ; gain = 381.012 ; free physical = 7151 ; free virtual = 17262
---------------------------------------------------------------------------------

Report RTL Partitions: 
+-+--------------+------------+----------+
| |RTL Partition |Replication |Instances |
+-+--------------+------------+----------+
+-+--------------+------------+----------+
---------------------------------------------------------------------------------
Start RTL Component Statistics 
---------------------------------------------------------------------------------
Detailed RTL Component Info : 
+---Adders : 
	   2 Input     32 Bit       Adders := 5     
	   3 Input     32 Bit       Adders := 1     
	   2 Input     16 Bit       Adders := 1     
	   2 Input      9 Bit       Adders := 4     
	   3 Input      5 Bit       Adders := 1     
+---XORs : 
	   2 Input     32 Bit         XORs := 1     
+---Registers : 
	               32 Bit    Registers := 14    
	               16 Bit    Registers := 1     
	                9 Bit    Registers := 4     
	                5 Bit    Registers := 4     
	                4 Bit    Registers := 3     
	                3 Bit    Registers := 1     
	                2 Bit    Registers := 5     
	                1 Bit    Registers := 12    
+---RAMs : 
	             512K Bit         RAMs := 2     
	             128K Bit         RAMs := 1     
	             1024 Bit         RAMs := 1     
+---Muxes : 
	   2 Input     32 Bit        Muxes := 14    
	   6 Input     32 Bit        Muxes := 1     
	   8 Input     32 Bit        Muxes := 1     
	   4 Input     32 Bit        Muxes := 2     
	   3 Input     32 Bit        Muxes := 2     
	   2 Input      8 Bit        Muxes := 1     
	   2 Input      4 Bit        Muxes := 2     
	  13 Input      4 Bit        Muxes := 1     
	   8 Input      3 Bit        Muxes := 1     
	   8 Input      2 Bit        Muxes := 1     
	   3 Input      2 Bit        Muxes := 2     
	   2 Input      2 Bit        Muxes := 4     
	   2 Input      1 Bit        Muxes := 4     
	   7 Input      1 Bit        Muxes := 1     
	   6 Input      1 Bit        Muxes := 1     
---------------------------------------------------------------------------------
Finished RTL Component Statistics 
---------------------------------------------------------------------------------
---------------------------------------------------------------------------------
Start RTL Hierarchical Component Statistics 
---------------------------------------------------------------------------------
Hierarchical RTL Component report 
Module REGISTER 
Detailed RTL Component Info : 
+---Registers : 
	                4 Bit    Registers := 1     
Module REGISTER_R 
Detailed RTL Component Info : 
+---Registers : 
	               16 Bit    Registers := 1     
Module REGISTER_CE 
Detailed RTL Component Info : 
+---Registers : 
	                4 Bit    Registers := 1     
Module REGISTER_R_CE 
Detailed RTL Component Info : 
+---Registers : 
	                9 Bit    Registers := 1     
Module debouncer 
Detailed RTL Component Info : 
+---Adders : 
	   2 Input     16 Bit       Adders := 1     
	   2 Input      9 Bit       Adders := 4     
Module REGISTER_R_CE__parameterized0 
Detailed RTL Component Info : 
+---Registers : 
	                1 Bit    Registers := 1     
Module mux_pc 
Detailed RTL Component Info : 
+---Muxes : 
	   2 Input     32 Bit        Muxes := 2     
Module REGISTER_R__parameterized0 
Detailed RTL Component Info : 
+---Registers : 
	               32 Bit    Registers := 1     
Module XILINX_SYNC_RAM_DP 
Detailed RTL Component Info : 
+---Registers : 
	               32 Bit    Registers := 2     
+---RAMs : 
	             128K Bit         RAMs := 1     
Module XILINX_SYNC_RAM_DP__parameterized0 
Detailed RTL Component Info : 
+---Registers : 
	               32 Bit    Registers := 2     
+---RAMs : 
	             512K Bit         RAMs := 1     
Module mux_imem_read 
Detailed RTL Component Info : 
+---Muxes : 
	   2 Input     32 Bit        Muxes := 1     
Module control_unit 
Detailed RTL Component Info : 
+---Muxes : 
	   8 Input      2 Bit        Muxes := 1     
	   3 Input      2 Bit        Muxes := 1     
	   2 Input      2 Bit        Muxes := 2     
Module imm_gen 
Detailed RTL Component Info : 
+---Muxes : 
	   6 Input     32 Bit        Muxes := 1     
	   8 Input     32 Bit        Muxes := 1     
	   8 Input      3 Bit        Muxes := 1     
Module branch_comp 
Detailed RTL Component Info : 
+---Muxes : 
	   2 Input      1 Bit        Muxes := 4     
	   7 Input      1 Bit        Muxes := 1     
Module id 
Detailed RTL Component Info : 
+---Adders : 
	   2 Input     32 Bit       Adders := 2     
Module REGFILE_1W2R 
Detailed RTL Component Info : 
+---RAMs : 
	             1024 Bit         RAMs := 1     
Module REGISTER_R__parameterized1 
Detailed RTL Component Info : 
+---Registers : 
	               32 Bit    Registers := 1     
Module REGISTER_R__parameterized2 
Detailed RTL Component Info : 
+---Registers : 
	                5 Bit    Registers := 1     
Module REGISTER_R__parameterized3 
Detailed RTL Component Info : 
+---Registers : 
	                3 Bit    Registers := 1     
Module REGISTER_R__parameterized4 
Detailed RTL Component Info : 
+---Registers : 
	                1 Bit    Registers := 1     
Module REGISTER_R__parameterized5 
Detailed RTL Component Info : 
+---Registers : 
	                2 Bit    Registers := 1     
Module dmem_wr 
Detailed RTL Component Info : 
+---Muxes : 
	   2 Input      4 Bit        Muxes := 2     
	   2 Input      2 Bit        Muxes := 1     
Module alu_control 
Detailed RTL Component Info : 
+---Muxes : 
	  13 Input      4 Bit        Muxes := 1     
Module forwarding_unit 
Detailed RTL Component Info : 
+---Muxes : 
	   3 Input      2 Bit        Muxes := 1     
	   2 Input      2 Bit        Muxes := 1     
Module change_mem_wr 
Detailed RTL Component Info : 
+---Adders : 
	   3 Input      5 Bit       Adders := 1     
Module mux_reg1 
Detailed RTL Component Info : 
+---Muxes : 
	   4 Input     32 Bit        Muxes := 1     
Module mux_reg2 
Detailed RTL Component Info : 
+---Muxes : 
	   4 Input     32 Bit        Muxes := 1     
Module alu 
Detailed RTL Component Info : 
+---Adders : 
	   2 Input     32 Bit       Adders := 3     
	   3 Input     32 Bit       Adders := 1     
+---XORs : 
	   2 Input     32 Bit         XORs := 1     
+---Muxes : 
	   2 Input     32 Bit        Muxes := 2     
	   6 Input      1 Bit        Muxes := 1     
Module ex 
Detailed RTL Component Info : 
+---Muxes : 
	   3 Input     32 Bit        Muxes := 1     
	   2 Input     32 Bit        Muxes := 1     
Module SYNC_RAM_WBE 
Detailed RTL Component Info : 
+---Registers : 
	               32 Bit    Registers := 1     
+---RAMs : 
	             512K Bit         RAMs := 1     
+---Muxes : 
	   2 Input     32 Bit        Muxes := 6     
	   2 Input      8 Bit        Muxes := 1     
Module REGISTER_R_CE__parameterized1 
Detailed RTL Component Info : 
+---Registers : 
	               32 Bit    Registers := 1     
Module mux_dmem 
Detailed RTL Component Info : 
+---Muxes : 
	   2 Input     32 Bit        Muxes := 2     
	   3 Input     32 Bit        Muxes := 1     
---------------------------------------------------------------------------------
Finished RTL Hierarchical Component Statistics
---------------------------------------------------------------------------------
---------------------------------------------------------------------------------
Start Part Resource Summary
---------------------------------------------------------------------------------
Part Resources:
DSPs: 220 (col length:60)
BRAMs: 280 (col length: RAMB18 60 RAMB36 30)
---------------------------------------------------------------------------------
Finished Part Resource Summary
---------------------------------------------------------------------------------
---------------------------------------------------------------------------------
Start Cross Boundary and Area Optimization
---------------------------------------------------------------------------------
Warning: Parallel synthesis criteria is not met 
INFO: [Synth 8-5546] ROM "cpu/ID/control/control_forward" won't be mapped to RAM because it is too sparse
WARNING: [Synth 8-3331] design forwarding_unit has unconnected port mem_wdata_judge
WARNING: [Synth 8-3331] design ex has unconnected port control_uart_i
WARNING: [Synth 8-3331] design z1top has unconnected port FPGA_SERIAL_TX
WARNING: [Synth 8-3331] design z1top has unconnected port SWITCHES[0]
WARNING: [Synth 8-3331] design z1top has unconnected port FPGA_SERIAL_RX
WARNING: [Synth 8-6014] Unused sequential element cpu/bios_mem/mem_reg was removed. 
WARNING: [Synth 8-6014] Unused sequential element cpu/bios_mem/mem_reg was removed. 
warning: Removed RAM cpu/imem/mem_reg due to inactive write enable
WARNING: [Synth 8-6014] Unused sequential element cpu/imem/mem_reg was removed. 
WARNING: [Synth 8-6014] Unused sequential element cpu/imem/mem_reg was removed. 
WARNING: [Synth 8-6841] Block RAM (cpu/dmem/mem_reg) originally specified as a Byte Wide Write Enable RAM cannot take advantage of ByteWide feature and is implemented with single write enable per RAM due to following reason.
(address width (14) is more than optimal threshold of 12. Implementing using BWWE will require more logic and timing would be suboptimal. Please use attribute "ram_decomp = power" if BWWE is desired.)
INFO: [Synth 8-3886] merging instance 'i_1/cpu/imem/read0_reg_val_reg[31]' (FDR) to 'i_1/cpu/imem/read0_reg_val_reg[15]'
INFO: [Synth 8-3886] merging instance 'i_1/cpu/imem/read0_reg_val_reg[30]' (FDR) to 'i_1/cpu/imem/read0_reg_val_reg[15]'
INFO: [Synth 8-3886] merging instance 'i_1/cpu/imem/read0_reg_val_reg[29]' (FDR) to 'i_1/cpu/imem/read0_reg_val_reg[15]'
INFO: [Synth 8-3886] merging instance 'i_1/cpu/imem/read0_reg_val_reg[28]' (FDR) to 'i_1/cpu/imem/read0_reg_val_reg[15]'
INFO: [Synth 8-3886] merging instance 'i_1/cpu/imem/read0_reg_val_reg[27]' (FDR) to 'i_1/cpu/imem/read0_reg_val_reg[15]'
INFO: [Synth 8-3886] merging instance 'i_1/cpu/imem/read0_reg_val_reg[26]' (FDR) to 'i_1/cpu/imem/read0_reg_val_reg[15]'
INFO: [Synth 8-3886] merging instance 'i_1/cpu/imem/read0_reg_val_reg[15]' (FDR) to 'i_1/cpu/imem/read0_reg_val_reg[25]'
INFO: [Synth 8-3886] merging instance 'i_1/cpu/imem/read0_reg_val_reg[7]' (FDR) to 'i_1/cpu/imem/read0_reg_val_reg[25]'
INFO: [Synth 8-3886] merging instance 'i_1/cpu/imem/read0_reg_val_reg[20]' (FDR) to 'i_1/cpu/imem/read0_reg_val_reg[25]'
INFO: [Synth 8-3886] merging instance 'i_1/cpu/imem/read0_reg_val_reg[16]' (FDR) to 'i_1/cpu/imem/read0_reg_val_reg[25]'
INFO: [Synth 8-3886] merging instance 'i_1/cpu/imem/read0_reg_val_reg[8]' (FDR) to 'i_1/cpu/imem/read0_reg_val_reg[25]'
INFO: [Synth 8-3886] merging instance 'i_1/cpu/imem/read0_reg_val_reg[21]' (FDR) to 'i_1/cpu/imem/read0_reg_val_reg[25]'
INFO: [Synth 8-3886] merging instance 'i_1/cpu/imem/read0_reg_val_reg[17]' (FDR) to 'i_1/cpu/imem/read0_reg_val_reg[25]'
INFO: [Synth 8-3886] merging instance 'i_1/cpu/imem/read0_reg_val_reg[9]' (FDR) to 'i_1/cpu/imem/read0_reg_val_reg[25]'
INFO: [Synth 8-3886] merging instance 'i_1/cpu/imem/read0_reg_val_reg[22]' (FDR) to 'i_1/cpu/imem/read0_reg_val_reg[25]'
INFO: [Synth 8-3886] merging instance 'i_1/cpu/imem/read0_reg_val_reg[18]' (FDR) to 'i_1/cpu/imem/read0_reg_val_reg[25]'
INFO: [Synth 8-3886] merging instance 'i_1/cpu/imem/read0_reg_val_reg[10]' (FDR) to 'i_1/cpu/imem/read0_reg_val_reg[25]'
INFO: [Synth 8-3886] merging instance 'i_1/cpu/imem/read0_reg_val_reg[23]' (FDR) to 'i_1/cpu/imem/read0_reg_val_reg[25]'
INFO: [Synth 8-3886] merging instance 'i_1/cpu/imem/read0_reg_val_reg[19]' (FDR) to 'i_1/cpu/imem/read0_reg_val_reg[25]'
INFO: [Synth 8-3886] merging instance 'i_1/cpu/imem/read0_reg_val_reg[11]' (FDR) to 'i_1/cpu/imem/read0_reg_val_reg[25]'
INFO: [Synth 8-3886] merging instance 'i_1/cpu/imem/read0_reg_val_reg[24]' (FDR) to 'i_1/cpu/imem/read0_reg_val_reg[25]'
INFO: [Synth 8-3886] merging instance 'i_1/cpu/imem/read0_reg_val_reg[25]' (FDR) to 'i_1/cpu/imem/read0_reg_val_reg[14]'
INFO: [Synth 8-3886] merging instance 'i_1/cpu/imem/read0_reg_val_reg[14]' (FDR) to 'i_1/cpu/imem/read0_reg_val_reg[13]'
INFO: [Synth 8-3886] merging instance 'i_1/cpu/imem/read0_reg_val_reg[13]' (FDR) to 'i_1/cpu/imem/read0_reg_val_reg[12]'
INFO: [Synth 8-3886] merging instance 'i_1/cpu/imem/read0_reg_val_reg[12]' (FDR) to 'i_1/cpu/imem/read0_reg_val_reg[6]'
INFO: [Synth 8-3886] merging instance 'i_1/cpu/imem/read0_reg_val_reg[4]' (FDR) to 'i_1/cpu/imem/read0_reg_val_reg[6]'
INFO: [Synth 8-3886] merging instance 'i_1/cpu/imem/read0_reg_val_reg[6]' (FDR) to 'i_1/cpu/imem/read0_reg_val_reg[5]'
INFO: [Synth 8-3886] merging instance 'i_1/cpu/imem/read0_reg_val_reg[5]' (FDR) to 'i_1/cpu/imem/read0_reg_val_reg[3]'
INFO: [Synth 8-3886] merging instance 'i_1/cpu/imem/read0_reg_val_reg[2]' (FDR) to 'i_1/cpu/imem/read0_reg_val_reg[3]'
INFO: [Synth 8-3886] merging instance 'i_1/cpu/imem/read0_reg_val_reg[3]' (FDR) to 'i_1/cpu/imem/read0_reg_val_reg[1]'
INFO: [Synth 8-3886] merging instance 'i_1/cpu/imem/read0_reg_val_reg[0]' (FDR) to 'i_1/cpu/imem/read0_reg_val_reg[1]'
INFO: [Synth 8-3333] propagating constant 0 across sequential element (i_1/\cpu/imem/read0_reg_val_reg[1] )
WARNING: [Synth 8-3332] Sequential element (cpu/ID/branch_comp/branch_judge_reg) is unused and will be removed from module z1top.
WARNING: [Synth 8-3332] Sequential element (cpu/EX/change_mem_wr/out_data_reg[31]) is unused and will be removed from module z1top.
WARNING: [Synth 8-3332] Sequential element (cpu/EX/change_mem_wr/out_data_reg[30]) is unused and will be removed from module z1top.
WARNING: [Synth 8-3332] Sequential element (cpu/EX/change_mem_wr/out_data_reg[29]) is unused and will be removed from module z1top.
WARNING: [Synth 8-3332] Sequential element (cpu/EX/change_mem_wr/out_data_reg[28]) is unused and will be removed from module z1top.
WARNING: [Synth 8-3332] Sequential element (cpu/EX/change_mem_wr/out_data_reg[27]) is unused and will be removed from module z1top.
WARNING: [Synth 8-3332] Sequential element (cpu/EX/change_mem_wr/out_data_reg[26]) is unused and will be removed from module z1top.
WARNING: [Synth 8-3332] Sequential element (cpu/EX/change_mem_wr/out_data_reg[25]) is unused and will be removed from module z1top.
WARNING: [Synth 8-3332] Sequential element (cpu/EX/change_mem_wr/out_data_reg[24]) is unused and will be removed from module z1top.
WARNING: [Synth 8-3332] Sequential element (cpu/EX/change_mem_wr/out_data_reg[23]) is unused and will be removed from module z1top.
WARNING: [Synth 8-3332] Sequential element (cpu/EX/change_mem_wr/out_data_reg[22]) is unused and will be removed from module z1top.
WARNING: [Synth 8-3332] Sequential element (cpu/EX/change_mem_wr/out_data_reg[21]) is unused and will be removed from module z1top.
WARNING: [Synth 8-3332] Sequential element (cpu/EX/change_mem_wr/out_data_reg[20]) is unused and will be removed from module z1top.
WARNING: [Synth 8-3332] Sequential element (cpu/EX/change_mem_wr/out_data_reg[19]) is unused and will be removed from module z1top.
WARNING: [Synth 8-3332] Sequential element (cpu/EX/change_mem_wr/out_data_reg[18]) is unused and will be removed from module z1top.
WARNING: [Synth 8-3332] Sequential element (cpu/EX/change_mem_wr/out_data_reg[17]) is unused and will be removed from module z1top.
WARNING: [Synth 8-3332] Sequential element (cpu/EX/change_mem_wr/out_data_reg[16]) is unused and will be removed from module z1top.
WARNING: [Synth 8-3332] Sequential element (cpu/EX/change_mem_wr/out_data_reg[15]) is unused and will be removed from module z1top.
WARNING: [Synth 8-3332] Sequential element (cpu/EX/change_mem_wr/out_data_reg[14]) is unused and will be removed from module z1top.
WARNING: [Synth 8-3332] Sequential element (cpu/EX/change_mem_wr/out_data_reg[13]) is unused and will be removed from module z1top.
WARNING: [Synth 8-3332] Sequential element (cpu/EX/change_mem_wr/out_data_reg[12]) is unused and will be removed from module z1top.
WARNING: [Synth 8-3332] Sequential element (cpu/EX/change_mem_wr/out_data_reg[11]) is unused and will be removed from module z1top.
WARNING: [Synth 8-3332] Sequential element (cpu/EX/change_mem_wr/out_data_reg[10]) is unused and will be removed from module z1top.
WARNING: [Synth 8-3332] Sequential element (cpu/EX/change_mem_wr/out_data_reg[9]) is unused and will be removed from module z1top.
WARNING: [Synth 8-3332] Sequential element (cpu/EX/change_mem_wr/out_data_reg[8]) is unused and will be removed from module z1top.
WARNING: [Synth 8-3332] Sequential element (cpu/EX/change_mem_wr/out_data_reg[7]) is unused and will be removed from module z1top.
WARNING: [Synth 8-3332] Sequential element (cpu/EX/change_mem_wr/out_data_reg[6]) is unused and will be removed from module z1top.
WARNING: [Synth 8-3332] Sequential element (cpu/EX/change_mem_wr/out_data_reg[5]) is unused and will be removed from module z1top.
WARNING: [Synth 8-3332] Sequential element (cpu/EX/change_mem_wr/out_data_reg[4]) is unused and will be removed from module z1top.
WARNING: [Synth 8-3332] Sequential element (cpu/EX/change_mem_wr/out_data_reg[3]) is unused and will be removed from module z1top.
WARNING: [Synth 8-3332] Sequential element (cpu/EX/change_mem_wr/out_data_reg[2]) is unused and will be removed from module z1top.
WARNING: [Synth 8-3332] Sequential element (cpu/EX/change_mem_wr/out_data_reg[1]) is unused and will be removed from module z1top.
WARNING: [Synth 8-3332] Sequential element (cpu/EX/change_mem_wr/out_data_reg[0]) is unused and will be removed from module z1top.
---------------------------------------------------------------------------------
Finished Cross Boundary and Area Optimization : Time (s): cpu = 00:00:18 ; elapsed = 00:00:25 . Memory (MB): peak = 2060.570 ; gain = 381.012 ; free physical = 7146 ; free virtual = 17263
---------------------------------------------------------------------------------

Report RTL Partitions: 
+-+--------------+------------+----------+
| |RTL Partition |Replication |Instances |
+-+--------------+------------+----------+
+-+--------------+------------+----------+
---------------------------------------------------------------------------------
Start Applying XDC Timing Constraints
---------------------------------------------------------------------------------
---------------------------------------------------------------------------------
Finished Applying XDC Timing Constraints : Time (s): cpu = 00:00:24 ; elapsed = 00:00:31 . Memory (MB): peak = 2060.570 ; gain = 381.012 ; free physical = 7017 ; free virtual = 17141
---------------------------------------------------------------------------------
---------------------------------------------------------------------------------
Start Timing Optimization
---------------------------------------------------------------------------------
---------------------------------------------------------------------------------
Finished Timing Optimization : Time (s): cpu = 00:00:24 ; elapsed = 00:00:31 . Memory (MB): peak = 2060.570 ; gain = 381.012 ; free physical = 7017 ; free virtual = 17141
---------------------------------------------------------------------------------

Report RTL Partitions: 
+-+--------------+------------+----------+
| |RTL Partition |Replication |Instances |
+-+--------------+------------+----------+
+-+--------------+------------+----------+
---------------------------------------------------------------------------------
Start Technology Mapping
---------------------------------------------------------------------------------
---------------------------------------------------------------------------------
Finished Technology Mapping : Time (s): cpu = 00:00:24 ; elapsed = 00:00:31 . Memory (MB): peak = 2060.570 ; gain = 381.012 ; free physical = 7015 ; free virtual = 17140
---------------------------------------------------------------------------------

Report RTL Partitions: 
+-+--------------+------------+----------+
| |RTL Partition |Replication |Instances |
+-+--------------+------------+----------+
+-+--------------+------------+----------+
---------------------------------------------------------------------------------
Start IO Insertion
---------------------------------------------------------------------------------
---------------------------------------------------------------------------------
Start Flattening Before IO Insertion
---------------------------------------------------------------------------------
---------------------------------------------------------------------------------
Finished Flattening Before IO Insertion
---------------------------------------------------------------------------------
---------------------------------------------------------------------------------
Start Final Netlist Cleanup
---------------------------------------------------------------------------------
---------------------------------------------------------------------------------
Finished Final Netlist Cleanup
---------------------------------------------------------------------------------
---------------------------------------------------------------------------------
Finished IO Insertion : Time (s): cpu = 00:00:25 ; elapsed = 00:00:32 . Memory (MB): peak = 2060.570 ; gain = 381.012 ; free physical = 7015 ; free virtual = 17140
---------------------------------------------------------------------------------

Report Check Netlist: 
+------+------------------+-------+---------+-------+------------------+
|      |Item              |Errors |Warnings |Status |Description       |
+------+------------------+-------+---------+-------+------------------+
|1     |multi_driven_nets |      0|        0|Passed |Multi driven nets |
+------+------------------+-------+---------+-------+------------------+
---------------------------------------------------------------------------------
Start Renaming Generated Instances
---------------------------------------------------------------------------------
---------------------------------------------------------------------------------
Finished Renaming Generated Instances : Time (s): cpu = 00:00:25 ; elapsed = 00:00:32 . Memory (MB): peak = 2060.570 ; gain = 381.012 ; free physical = 7015 ; free virtual = 17140
---------------------------------------------------------------------------------

Report RTL Partitions: 
+-+--------------+------------+----------+
| |RTL Partition |Replication |Instances |
+-+--------------+------------+----------+
+-+--------------+------------+----------+
---------------------------------------------------------------------------------
Start Rebuilding User Hierarchy
---------------------------------------------------------------------------------
---------------------------------------------------------------------------------
Finished Rebuilding User Hierarchy : Time (s): cpu = 00:00:25 ; elapsed = 00:00:32 . Memory (MB): peak = 2060.570 ; gain = 381.012 ; free physical = 7015 ; free virtual = 17140
---------------------------------------------------------------------------------
---------------------------------------------------------------------------------
Start Renaming Generated Ports
---------------------------------------------------------------------------------
---------------------------------------------------------------------------------
Finished Renaming Generated Ports : Time (s): cpu = 00:00:25 ; elapsed = 00:00:32 . Memory (MB): peak = 2060.570 ; gain = 381.012 ; free physical = 7015 ; free virtual = 17140
---------------------------------------------------------------------------------
---------------------------------------------------------------------------------
Start Handling Custom Attributes
---------------------------------------------------------------------------------
---------------------------------------------------------------------------------
Finished Handling Custom Attributes : Time (s): cpu = 00:00:25 ; elapsed = 00:00:32 . Memory (MB): peak = 2060.570 ; gain = 381.012 ; free physical = 7015 ; free virtual = 17140
---------------------------------------------------------------------------------
---------------------------------------------------------------------------------
Start Renaming Generated Nets
---------------------------------------------------------------------------------
---------------------------------------------------------------------------------
Finished Renaming Generated Nets : Time (s): cpu = 00:00:25 ; elapsed = 00:00:32 . Memory (MB): peak = 2060.570 ; gain = 381.012 ; free physical = 7015 ; free virtual = 17140
---------------------------------------------------------------------------------
---------------------------------------------------------------------------------
Start Writing Synthesis Report
---------------------------------------------------------------------------------

Report BlackBoxes: 
+-+--------------+----------+
| |BlackBox name |Instances |
+-+--------------+----------+
+-+--------------+----------+

Report Cell Usage: 
+------+----------+------+
|      |Cell      |Count |
+------+----------+------+
|1     |BUFG      |     2|
|2     |PLLE2_ADV |     1|
|3     |IBUF      |     1|
|4     |OBUF      |     6|
|5     |OBUFT     |     1|
+------+----------+------+

Report Instance Areas: 
+------+----------+--------+------+
|      |Instance  |Module  |Cells |
+------+----------+--------+------+
|1     |top       |        |    11|
|2     |  clk_wiz |clk_wiz |     4|
+------+----------+--------+------+
---------------------------------------------------------------------------------
Finished Writing Synthesis Report : Time (s): cpu = 00:00:25 ; elapsed = 00:00:32 . Memory (MB): peak = 2060.570 ; gain = 381.012 ; free physical = 7015 ; free virtual = 17140
---------------------------------------------------------------------------------
Synthesis finished with 0 errors, 0 critical warnings and 46 warnings.
Synthesis Optimization Runtime : Time (s): cpu = 00:00:22 ; elapsed = 00:00:29 . Memory (MB): peak = 2060.570 ; gain = 245.312 ; free physical = 7058 ; free virtual = 17183
Synthesis Optimization Complete : Time (s): cpu = 00:00:25 ; elapsed = 00:00:33 . Memory (MB): peak = 2060.570 ; gain = 381.012 ; free physical = 7071 ; free virtual = 17196
INFO: [Project 1-571] Translating synthesized netlist
INFO: [Netlist 29-17] Analyzing 1 Unisim elements for replacement
INFO: [Netlist 29-28] Unisim Transformation completed in 0 CPU seconds
INFO: [Project 1-570] Preparing netlist for logic optimization
INFO: [Opt 31-138] Pushed 0 inverter(s) to 0 load pin(s).
Netlist sorting complete. Time (s): cpu = 00:00:00 ; elapsed = 00:00:00 . Memory (MB): peak = 2060.570 ; gain = 0.000 ; free physical = 7017 ; free virtual = 17142
INFO: [Project 1-111] Unisim Transformation Summary:
No Unisim elements were transformed.

INFO: [Common 17-83] Releasing license: Synthesis
143 Infos, 129 Warnings, 0 Critical Warnings and 0 Errors encountered.
synth_design completed successfully
synth_design: Time (s): cpu = 00:00:30 ; elapsed = 00:00:38 . Memory (MB): peak = 2060.570 ; gain = 528.906 ; free physical = 7119 ; free virtual = 17244
Netlist sorting complete. Time (s): cpu = 00:00:00 ; elapsed = 00:00:00 . Memory (MB): peak = 2060.570 ; gain = 0.000 ; free physical = 7119 ; free virtual = 17244
WARNING: [Constraints 18-5210] No constraints selected for write.
Resolution: This message can indicate that there are no constraints for the design, or it can indicate that the used_in flags are set such that the constraints are ignored. This later case is used when running synth_design to not write synthesis constraints to the resulting checkpoint. Instead, project constraints are read when the synthesized design is opened.
INFO: [Common 17-1381] The checkpoint '/home/cc/eecs151/sp20/class/eecs151-abm/riscv/hardware/z1top_proj/z1top_proj.runs/synth_1/z1top.dcp' has been generated.
INFO: [runtcl-4] Executing : report_utilization -file z1top_utilization_synth.rpt -pb z1top_utilization_synth.pb
INFO: [Common 17-206] Exiting Vivado at Sun Apr  5 22:06:17 2020...
